;  LST file generated by mikroListExporter - v.2.0 
; Date/Time: 31/10/2025 10:48:37
;----------------------------------------------

;Address Opcode 	ASM
0x0000	0xF003EF9C  	GOTO        1848
0x0004	0x0000      	NOP
0x0006	0x0000      	NOP
0x0008	0xF000EF00  	GOTO        0
0x000C	0x0000      	NOP
0x000E	0x0000      	NOP
0x0010	0x0000      	NOP
0x0012	0x0000      	NOP
0x0014	0x0000      	NOP
0x0016	0x0000      	NOP
0x0018	0xD7F3      	BRA         0
_Div_32x32_U:
;__Lib_Math.c, 1083 :: 		void Div_32x32_U()
;__Lib_Math.c, 1086 :: 		CLRF    math_main_global_RemainderHi_2
0x001C	0x6A0B      	CLRF        R11, 0
;__Lib_Math.c, 1087 :: 		CLRF    math_main_global_RemainderHi_1
0x001E	0x6A0A      	CLRF        R10, 0
;__Lib_Math.c, 1088 :: 		CLRF    math_main_global_Remainder_2
0x0020	0x6A09      	CLRF        R9, 0
;__Lib_Math.c, 1089 :: 		CLRF    math_main_global_Remainder_1
0x0022	0x6A08      	CLRF        R8, 0
;__Lib_Math.c, 1091 :: 		CLRF    math_main_global_TEMPB
0x0024	0x6A0E      	CLRF        R14, 0
;__Lib_Math.c, 1093 :: 		RLCF    math_main_global_XHi_2,W
0x0026	0x3403      	RLCF        R3, 0, 0
;__Lib_Math.c, 1094 :: 		RLCF    math_main_global_Remainder_1, F
0x0028	0x3608      	RLCF        R8, 1, 0
;__Lib_Math.c, 1095 :: 		MOVF    math_main_global_Y_1,W
0x002A	0x5004      	MOVF        R4, 0, 0
;__Lib_Math.c, 1096 :: 		SUBWF   math_main_global_Remainder_1, F
0x002C	0x5E08      	SUBWF       R8, 1, 0
;__Lib_Math.c, 1097 :: 		MOVF    math_main_global_Y_2,W
0x002E	0x5005      	MOVF        R5, 0, 0
;__Lib_Math.c, 1098 :: 		BTFSS   STATUS,C,0
0x0030	0xA0D8      	BTFSS       STATUS, 0, 0
;__Lib_Math.c, 1099 :: 		INCFSZ  math_main_global_Y_2,W
0x0032	0x3C05      	INCFSZ      R5, 0, 0
;__Lib_Math.c, 1100 :: 		SUBWF   math_main_global_Remainder_2, F
0x0034	0x5E09      	SUBWF       R9, 1, 0
;__Lib_Math.c, 1101 :: 		MOVF    math_main_global_YHi_1,W
0x0036	0x5006      	MOVF        R6, 0, 0
;__Lib_Math.c, 1102 :: 		BTFSS   STATUS,C,0
0x0038	0xA0D8      	BTFSS       STATUS, 0, 0
;__Lib_Math.c, 1103 :: 		INCFSZ  math_main_global_YHi_1,W
0x003A	0x3C06      	INCFSZ      R6, 0, 0
;__Lib_Math.c, 1104 :: 		SUBWF   math_main_global_RemainderHi_1, F
0x003C	0x5E0A      	SUBWF       R10, 1, 0
;__Lib_Math.c, 1105 :: 		MOVF    math_main_global_YHi_2,W
0x003E	0x5007      	MOVF        R7, 0, 0
;__Lib_Math.c, 1106 :: 		BTFSS   STATUS,C,0
0x0040	0xA0D8      	BTFSS       STATUS, 0, 0
;__Lib_Math.c, 1107 :: 		INCFSZ  math_main_global_YHi_2,W
0x0042	0x3C07      	INCFSZ      R7, 0, 0
;__Lib_Math.c, 1108 :: 		SUBWF   math_main_global_RemainderHi_2, F
0x0044	0x5E0B      	SUBWF       R11, 1, 0
;__Lib_Math.c, 1110 :: 		CLRF    WREG
0x0046	0x6AE8      	CLRF        WREG, 0
;__Lib_Math.c, 1111 :: 		BTFSS   STATUS,C,0
0x0048	0xA0D8      	BTFSS       STATUS, 0, 0
;__Lib_Math.c, 1112 :: 		MOVLW   1
0x004A	0x0E01      	MOVLW       1
;__Lib_Math.c, 1113 :: 		SUBWF   math_main_global_TEMPB, F
0x004C	0x5E0E      	SUBWF       R14, 1, 0
;__Lib_Math.c, 1114 :: 		RLCF    math_main_global_XHi_2, F
0x004E	0x3603      	RLCF        R3, 1, 0
;__Lib_Math.c, 1116 :: 		MOVLW   7
0x0050	0x0E07      	MOVLW       7
;__Lib_Math.c, 1117 :: 		MOVWF   math_main_global_LoopCount
0x0052	0x6E0C      	MOVWF       R12, 0
;__Lib_Math.c, 1119 :: 		LOOPU3232A:
LOOPU3232A:
;__Lib_Math.c, 1120 :: 		RLCF    math_main_global_XHi_2,W
0x0054	0x3403      	RLCF        R3, 0, 0
;__Lib_Math.c, 1121 :: 		RLCF    math_main_global_Remainder_1, F
0x0056	0x3608      	RLCF        R8, 1, 0
;__Lib_Math.c, 1122 :: 		RLCF    math_main_global_Remainder_2, F
0x0058	0x3609      	RLCF        R9, 1, 0
;__Lib_Math.c, 1123 :: 		RLCF    math_main_global_RemainderHi_1, F
0x005A	0x360A      	RLCF        R10, 1, 0
;__Lib_Math.c, 1124 :: 		RLCF    math_main_global_RemainderHi_2, F
0x005C	0x360B      	RLCF        R11, 1, 0
;__Lib_Math.c, 1125 :: 		RLCF    math_main_global_TEMPB, F
0x005E	0x360E      	RLCF        R14, 1, 0
;__Lib_Math.c, 1126 :: 		MOVF    math_main_global_Y_1,W
0x0060	0x5004      	MOVF        R4, 0, 0
;__Lib_Math.c, 1127 :: 		BTFSS   math_main_global_XHi_2,0
0x0062	0xA003      	BTFSS       R3, 0, 0
;__Lib_Math.c, 1128 :: 		BRA     UADD22LA
0x0064	0xD012      	BRA         UADD22LA
;__Lib_Math.c, 1130 :: 		SUBWF   math_main_global_Remainder_1, F
0x0066	0x5E08      	SUBWF       R8, 1, 0
;__Lib_Math.c, 1131 :: 		MOVF    math_main_global_Y_2,W
0x0068	0x5005      	MOVF        R5, 0, 0
;__Lib_Math.c, 1132 :: 		BTFSS   STATUS,C,0
0x006A	0xA0D8      	BTFSS       STATUS, 0, 0
;__Lib_Math.c, 1133 :: 		INCFSZ  math_main_global_Y_2,W
0x006C	0x3C05      	INCFSZ      R5, 0, 0
;__Lib_Math.c, 1134 :: 		SUBWF   math_main_global_Remainder_2, F
0x006E	0x5E09      	SUBWF       R9, 1, 0
;__Lib_Math.c, 1135 :: 		MOVF    math_main_global_YHi_1,W
0x0070	0x5006      	MOVF        R6, 0, 0
;__Lib_Math.c, 1136 :: 		BTFSS   STATUS,C,0
0x0072	0xA0D8      	BTFSS       STATUS, 0, 0
;__Lib_Math.c, 1137 :: 		INCFSZ  math_main_global_YHi_1,W
0x0074	0x3C06      	INCFSZ      R6, 0, 0
;__Lib_Math.c, 1138 :: 		SUBWF   math_main_global_RemainderHi_1, F
0x0076	0x5E0A      	SUBWF       R10, 1, 0
;__Lib_Math.c, 1139 :: 		MOVF    math_main_global_YHi_2,W
0x0078	0x5007      	MOVF        R7, 0, 0
;__Lib_Math.c, 1140 :: 		BTFSS   STATUS,C,0
0x007A	0xA0D8      	BTFSS       STATUS, 0, 0
;__Lib_Math.c, 1141 :: 		INCFSZ  math_main_global_YHi_2,W
0x007C	0x3C07      	INCFSZ      R7, 0, 0
;__Lib_Math.c, 1142 :: 		SUBWF   math_main_global_RemainderHi_2, F
0x007E	0x5E0B      	SUBWF       R11, 1, 0
;__Lib_Math.c, 1143 :: 		CLRF    WREG
0x0080	0x6AE8      	CLRF        WREG, 0
;__Lib_Math.c, 1144 :: 		BTFSS   STATUS,C,0
0x0082	0xA0D8      	BTFSS       STATUS, 0, 0
;__Lib_Math.c, 1145 :: 		MOVLW   1
0x0084	0x0E01      	MOVLW       1
;__Lib_Math.c, 1146 :: 		SUBWF   math_main_global_TEMPB, F
0x0086	0x5E0E      	SUBWF       R14, 1, 0
;__Lib_Math.c, 1147 :: 		BRA     UOK22LA
0x0088	0xD011      	BRA         UOK22LA
;__Lib_Math.c, 1149 :: 		UADD22LA:
UADD22LA:
;__Lib_Math.c, 1150 :: 		ADDWF   math_main_global_Remainder_1, F
0x008A	0x2608      	ADDWF       R8, 1, 0
;__Lib_Math.c, 1151 :: 		MOVF    math_main_global_Y_2,W
0x008C	0x5005      	MOVF        R5, 0, 0
;__Lib_Math.c, 1152 :: 		BTFSC   STATUS,C,0
0x008E	0xB0D8      	BTFSC       STATUS, 0, 0
;__Lib_Math.c, 1153 :: 		INCFSZ  math_main_global_Y_2,W
0x0090	0x3C05      	INCFSZ      R5, 0, 0
;__Lib_Math.c, 1154 :: 		ADDWF   math_main_global_Remainder_2, F
0x0092	0x2609      	ADDWF       R9, 1, 0
;__Lib_Math.c, 1155 :: 		MOVF    math_main_global_YHi_1,W
0x0094	0x5006      	MOVF        R6, 0, 0
;__Lib_Math.c, 1156 :: 		BTFSC   STATUS,C,0
0x0096	0xB0D8      	BTFSC       STATUS, 0, 0
;__Lib_Math.c, 1157 :: 		INCFSZ  math_main_global_YHi_1,W
0x0098	0x3C06      	INCFSZ      R6, 0, 0
;__Lib_Math.c, 1158 :: 		ADDWF   math_main_global_RemainderHi_1, F
0x009A	0x260A      	ADDWF       R10, 1, 0
;__Lib_Math.c, 1159 :: 		MOVF    math_main_global_YHi_2,W
0x009C	0x5007      	MOVF        R7, 0, 0
;__Lib_Math.c, 1160 :: 		BTFSC   STATUS,C,0
0x009E	0xB0D8      	BTFSC       STATUS, 0, 0
;__Lib_Math.c, 1161 :: 		INCFSZ  math_main_global_YHi_2,W
0x00A0	0x3C07      	INCFSZ      R7, 0, 0
;__Lib_Math.c, 1162 :: 		ADDWF   math_main_global_RemainderHi_2, F
0x00A2	0x260B      	ADDWF       R11, 1, 0
;__Lib_Math.c, 1163 :: 		CLRF    WREG
0x00A4	0x6AE8      	CLRF        WREG, 0
;__Lib_Math.c, 1164 :: 		BTFSC   STATUS,C,0
0x00A6	0xB0D8      	BTFSC       STATUS, 0, 0
;__Lib_Math.c, 1165 :: 		MOVLW   1
0x00A8	0x0E01      	MOVLW       1
;__Lib_Math.c, 1166 :: 		ADDWF   math_main_global_TEMPB, F
0x00AA	0x260E      	ADDWF       R14, 1, 0
;__Lib_Math.c, 1168 :: 		UOK22LA:
UOK22LA:
;__Lib_Math.c, 1169 :: 		RLCF    math_main_global_XHi_2, F
0x00AC	0x3603      	RLCF        R3, 1, 0
;__Lib_Math.c, 1171 :: 		DECFSZ      math_main_global_LoopCount, F
0x00AE	0x2E0C      	DECFSZ      R12, 1, 0
;__Lib_Math.c, 1172 :: 		BRA     LOOPU3232A
0x00B0	0xD7D1      	BRA         LOOPU3232A
;__Lib_Math.c, 1174 :: 		RLCF    math_main_global_XHi_1,W
0x00B2	0x3402      	RLCF        R2, 0, 0
;__Lib_Math.c, 1175 :: 		RLCF    math_main_global_Remainder_1, F
0x00B4	0x3608      	RLCF        R8, 1, 0
;__Lib_Math.c, 1176 :: 		RLCF    math_main_global_Remainder_2, F
0x00B6	0x3609      	RLCF        R9, 1, 0
;__Lib_Math.c, 1177 :: 		RLCF    math_main_global_RemainderHi_1, F
0x00B8	0x360A      	RLCF        R10, 1, 0
;__Lib_Math.c, 1178 :: 		RLCF    math_main_global_RemainderHi_2, F
0x00BA	0x360B      	RLCF        R11, 1, 0
;__Lib_Math.c, 1179 :: 		RLCF    math_main_global_TEMPB, F
0x00BC	0x360E      	RLCF        R14, 1, 0
;__Lib_Math.c, 1180 :: 		MOVF    math_main_global_Y_1,W
0x00BE	0x5004      	MOVF        R4, 0, 0
;__Lib_Math.c, 1181 :: 		BTFSS   math_main_global_XHi_2,0
0x00C0	0xA003      	BTFSS       R3, 0, 0
;__Lib_Math.c, 1182 :: 		BRA     UADD22L8
0x00C2	0xD012      	BRA         UADD22L8
;__Lib_Math.c, 1184 :: 		SUBWF   math_main_global_Remainder_1, F
0x00C4	0x5E08      	SUBWF       R8, 1, 0
;__Lib_Math.c, 1185 :: 		MOVF    math_main_global_Y_2,W
0x00C6	0x5005      	MOVF        R5, 0, 0
;__Lib_Math.c, 1186 :: 		BTFSS   STATUS,C,0
0x00C8	0xA0D8      	BTFSS       STATUS, 0, 0
;__Lib_Math.c, 1187 :: 		INCFSZ  math_main_global_Y_2,W
0x00CA	0x3C05      	INCFSZ      R5, 0, 0
;__Lib_Math.c, 1188 :: 		SUBWF   math_main_global_Remainder_2, F
0x00CC	0x5E09      	SUBWF       R9, 1, 0
;__Lib_Math.c, 1189 :: 		MOVF    math_main_global_YHi_1,W
0x00CE	0x5006      	MOVF        R6, 0, 0
;__Lib_Math.c, 1190 :: 		BTFSS   STATUS,C,0
0x00D0	0xA0D8      	BTFSS       STATUS, 0, 0
;__Lib_Math.c, 1191 :: 		INCFSZ  math_main_global_YHi_1,W
0x00D2	0x3C06      	INCFSZ      R6, 0, 0
;__Lib_Math.c, 1192 :: 		SUBWF   math_main_global_RemainderHi_1, F
0x00D4	0x5E0A      	SUBWF       R10, 1, 0
;__Lib_Math.c, 1193 :: 		MOVF    math_main_global_YHi_2,W
0x00D6	0x5007      	MOVF        R7, 0, 0
;__Lib_Math.c, 1194 :: 		BTFSS   STATUS,C,0
0x00D8	0xA0D8      	BTFSS       STATUS, 0, 0
;__Lib_Math.c, 1195 :: 		INCFSZ  math_main_global_YHi_2,W
0x00DA	0x3C07      	INCFSZ      R7, 0, 0
;__Lib_Math.c, 1196 :: 		SUBWF   math_main_global_RemainderHi_2, F
0x00DC	0x5E0B      	SUBWF       R11, 1, 0
;__Lib_Math.c, 1197 :: 		CLRF    WREG
0x00DE	0x6AE8      	CLRF        WREG, 0
;__Lib_Math.c, 1198 :: 		BTFSS   STATUS,C,0
0x00E0	0xA0D8      	BTFSS       STATUS, 0, 0
;__Lib_Math.c, 1199 :: 		MOVLW   1
0x00E2	0x0E01      	MOVLW       1
;__Lib_Math.c, 1200 :: 		SUBWF   math_main_global_TEMPB, F
0x00E4	0x5E0E      	SUBWF       R14, 1, 0
;__Lib_Math.c, 1201 :: 		BRA     UOK22L8
0x00E6	0xD011      	BRA         UOK22L8
;__Lib_Math.c, 1203 :: 		UADD22L8:
UADD22L8:
;__Lib_Math.c, 1204 :: 		ADDWF   math_main_global_Remainder_1, F
0x00E8	0x2608      	ADDWF       R8, 1, 0
;__Lib_Math.c, 1205 :: 		MOVF    math_main_global_Y_2,W
0x00EA	0x5005      	MOVF        R5, 0, 0
;__Lib_Math.c, 1206 :: 		BTFSC   STATUS,C,0
0x00EC	0xB0D8      	BTFSC       STATUS, 0, 0
;__Lib_Math.c, 1207 :: 		INCFSZ  math_main_global_Y_2,W
0x00EE	0x3C05      	INCFSZ      R5, 0, 0
;__Lib_Math.c, 1208 :: 		ADDWF   math_main_global_Remainder_2, F
0x00F0	0x2609      	ADDWF       R9, 1, 0
;__Lib_Math.c, 1209 :: 		MOVF    math_main_global_YHi_1,W
0x00F2	0x5006      	MOVF        R6, 0, 0
;__Lib_Math.c, 1210 :: 		BTFSC   STATUS,C,0
0x00F4	0xB0D8      	BTFSC       STATUS, 0, 0
;__Lib_Math.c, 1211 :: 		INCFSZ  math_main_global_YHi_1,W
0x00F6	0x3C06      	INCFSZ      R6, 0, 0
;__Lib_Math.c, 1212 :: 		ADDWF   math_main_global_RemainderHi_1, F
0x00F8	0x260A      	ADDWF       R10, 1, 0
;__Lib_Math.c, 1213 :: 		MOVF    math_main_global_YHi_2,W
0x00FA	0x5007      	MOVF        R7, 0, 0
;__Lib_Math.c, 1214 :: 		BTFSC   STATUS,C,0
0x00FC	0xB0D8      	BTFSC       STATUS, 0, 0
;__Lib_Math.c, 1215 :: 		INCFSZ  math_main_global_YHi_2,W
0x00FE	0x3C07      	INCFSZ      R7, 0, 0
;__Lib_Math.c, 1216 :: 		ADDWF   math_main_global_RemainderHi_2, F
0x0100	0x260B      	ADDWF       R11, 1, 0
;__Lib_Math.c, 1217 :: 		CLRF    WREG
0x0102	0x6AE8      	CLRF        WREG, 0
;__Lib_Math.c, 1218 :: 		BTFSC   STATUS,C,0
0x0104	0xB0D8      	BTFSC       STATUS, 0, 0
;__Lib_Math.c, 1219 :: 		MOVLW   1
0x0106	0x0E01      	MOVLW       1
;__Lib_Math.c, 1220 :: 		ADDWF   math_main_global_TEMPB, F
0x0108	0x260E      	ADDWF       R14, 1, 0
;__Lib_Math.c, 1222 :: 		UOK22L8:
UOK22L8:
;__Lib_Math.c, 1223 :: 		RLCF    math_main_global_XHi_1, F
0x010A	0x3602      	RLCF        R2, 1, 0
;__Lib_Math.c, 1225 :: 		MOVLW   7
0x010C	0x0E07      	MOVLW       7
;__Lib_Math.c, 1226 :: 		MOVWF   math_main_global_LoopCount
0x010E	0x6E0C      	MOVWF       R12, 0
;__Lib_Math.c, 1228 :: 		LOOPU3232B:
LOOPU3232B:
;__Lib_Math.c, 1229 :: 		RLCF    math_main_global_XHi_1,W
0x0110	0x3402      	RLCF        R2, 0, 0
;__Lib_Math.c, 1230 :: 		RLCF    math_main_global_Remainder_1, F
0x0112	0x3608      	RLCF        R8, 1, 0
;__Lib_Math.c, 1231 :: 		RLCF    math_main_global_Remainder_2, F
0x0114	0x3609      	RLCF        R9, 1, 0
;__Lib_Math.c, 1232 :: 		RLCF    math_main_global_RemainderHi_1, F
0x0116	0x360A      	RLCF        R10, 1, 0
;__Lib_Math.c, 1233 :: 		RLCF    math_main_global_RemainderHi_2, F
0x0118	0x360B      	RLCF        R11, 1, 0
;__Lib_Math.c, 1234 :: 		RLCF    math_main_global_TEMPB, F
0x011A	0x360E      	RLCF        R14, 1, 0
;__Lib_Math.c, 1235 :: 		MOVF    math_main_global_Y_1,W
0x011C	0x5004      	MOVF        R4, 0, 0
;__Lib_Math.c, 1236 :: 		BTFSS   math_main_global_XHi_1,0
0x011E	0xA002      	BTFSS       R2, 0, 0
;__Lib_Math.c, 1237 :: 		BRA     UADD22LB
0x0120	0xD012      	BRA         UADD22LB
;__Lib_Math.c, 1239 :: 		SUBWF   math_main_global_Remainder_1, F
0x0122	0x5E08      	SUBWF       R8, 1, 0
;__Lib_Math.c, 1240 :: 		MOVF    math_main_global_Y_2,W
0x0124	0x5005      	MOVF        R5, 0, 0
;__Lib_Math.c, 1241 :: 		BTFSS   STATUS,C,0
0x0126	0xA0D8      	BTFSS       STATUS, 0, 0
;__Lib_Math.c, 1242 :: 		INCFSZ  math_main_global_Y_2,W
0x0128	0x3C05      	INCFSZ      R5, 0, 0
;__Lib_Math.c, 1243 :: 		SUBWF   math_main_global_Remainder_2, F
0x012A	0x5E09      	SUBWF       R9, 1, 0
;__Lib_Math.c, 1244 :: 		MOVF    math_main_global_YHi_1,W
0x012C	0x5006      	MOVF        R6, 0, 0
;__Lib_Math.c, 1245 :: 		BTFSS   STATUS,C,0
0x012E	0xA0D8      	BTFSS       STATUS, 0, 0
;__Lib_Math.c, 1246 :: 		INCFSZ  math_main_global_YHi_1,W
0x0130	0x3C06      	INCFSZ      R6, 0, 0
;__Lib_Math.c, 1247 :: 		SUBWF   math_main_global_RemainderHi_1, F
0x0132	0x5E0A      	SUBWF       R10, 1, 0
;__Lib_Math.c, 1248 :: 		MOVF    math_main_global_YHi_2,W
0x0134	0x5007      	MOVF        R7, 0, 0
;__Lib_Math.c, 1249 :: 		BTFSS   STATUS,C,0
0x0136	0xA0D8      	BTFSS       STATUS, 0, 0
;__Lib_Math.c, 1250 :: 		INCFSZ  math_main_global_YHi_2,W
0x0138	0x3C07      	INCFSZ      R7, 0, 0
;__Lib_Math.c, 1251 :: 		SUBWF   math_main_global_RemainderHi_2, F
0x013A	0x5E0B      	SUBWF       R11, 1, 0
;__Lib_Math.c, 1252 :: 		CLRF    WREG
0x013C	0x6AE8      	CLRF        WREG, 0
;__Lib_Math.c, 1253 :: 		BTFSS   STATUS,C,0
0x013E	0xA0D8      	BTFSS       STATUS, 0, 0
;__Lib_Math.c, 1254 :: 		MOVLW   1
0x0140	0x0E01      	MOVLW       1
;__Lib_Math.c, 1255 :: 		SUBWF   math_main_global_TEMPB, F
0x0142	0x5E0E      	SUBWF       R14, 1, 0
;__Lib_Math.c, 1256 :: 		BRA     UOK22LB
0x0144	0xD011      	BRA         UOK22LB
;__Lib_Math.c, 1258 :: 		UADD22LB:
UADD22LB:
;__Lib_Math.c, 1259 :: 		ADDWF   math_main_global_Remainder_1, F
0x0146	0x2608      	ADDWF       R8, 1, 0
;__Lib_Math.c, 1260 :: 		MOVF    math_main_global_Y_2,W
0x0148	0x5005      	MOVF        R5, 0, 0
;__Lib_Math.c, 1261 :: 		BTFSC   STATUS,C,0
0x014A	0xB0D8      	BTFSC       STATUS, 0, 0
;__Lib_Math.c, 1262 :: 		INCFSZ  math_main_global_Y_2,W
0x014C	0x3C05      	INCFSZ      R5, 0, 0
;__Lib_Math.c, 1263 :: 		ADDWF   math_main_global_Remainder_2, F
0x014E	0x2609      	ADDWF       R9, 1, 0
;__Lib_Math.c, 1264 :: 		MOVF    math_main_global_YHi_1,W
0x0150	0x5006      	MOVF        R6, 0, 0
;__Lib_Math.c, 1265 :: 		BTFSC   STATUS,C,0
0x0152	0xB0D8      	BTFSC       STATUS, 0, 0
;__Lib_Math.c, 1266 :: 		INCFSZ  math_main_global_YHi_1,W
0x0154	0x3C06      	INCFSZ      R6, 0, 0
;__Lib_Math.c, 1267 :: 		ADDWF   math_main_global_RemainderHi_1, F
0x0156	0x260A      	ADDWF       R10, 1, 0
;__Lib_Math.c, 1268 :: 		MOVF    math_main_global_YHi_2,W
0x0158	0x5007      	MOVF        R7, 0, 0
;__Lib_Math.c, 1269 :: 		BTFSC   STATUS,C,0
0x015A	0xB0D8      	BTFSC       STATUS, 0, 0
;__Lib_Math.c, 1270 :: 		INCFSZ  math_main_global_YHi_2,W
0x015C	0x3C07      	INCFSZ      R7, 0, 0
;__Lib_Math.c, 1271 :: 		ADDWF   math_main_global_RemainderHi_2, F
0x015E	0x260B      	ADDWF       R11, 1, 0
;__Lib_Math.c, 1272 :: 		CLRF    WREG
0x0160	0x6AE8      	CLRF        WREG, 0
;__Lib_Math.c, 1273 :: 		BTFSC   STATUS,C,0
0x0162	0xB0D8      	BTFSC       STATUS, 0, 0
;__Lib_Math.c, 1274 :: 		MOVLW   1
0x0164	0x0E01      	MOVLW       1
;__Lib_Math.c, 1275 :: 		ADDWF   math_main_global_TEMPB, F
0x0166	0x260E      	ADDWF       R14, 1, 0
;__Lib_Math.c, 1277 :: 		UOK22LB:
UOK22LB:
;__Lib_Math.c, 1278 :: 		RLCF    math_main_global_XHi_1, F
0x0168	0x3602      	RLCF        R2, 1, 0
;__Lib_Math.c, 1280 :: 		DECFSZ  math_main_global_LoopCount, F
0x016A	0x2E0C      	DECFSZ      R12, 1, 0
;__Lib_Math.c, 1281 :: 		BRA     LOOPU3232B
0x016C	0xD7D1      	BRA         LOOPU3232B
;__Lib_Math.c, 1283 :: 		RLCF    math_main_global_X_2,W
0x016E	0x3401      	RLCF        R1, 0, 0
;__Lib_Math.c, 1284 :: 		RLCF    math_main_global_Remainder_1, F
0x0170	0x3608      	RLCF        R8, 1, 0
;__Lib_Math.c, 1285 :: 		RLCF    math_main_global_Remainder_2, F
0x0172	0x3609      	RLCF        R9, 1, 0
;__Lib_Math.c, 1286 :: 		RLCF    math_main_global_RemainderHi_1, F
0x0174	0x360A      	RLCF        R10, 1, 0
;__Lib_Math.c, 1287 :: 		RLCF    math_main_global_RemainderHi_2, F
0x0176	0x360B      	RLCF        R11, 1, 0
;__Lib_Math.c, 1288 :: 		RLCF    math_main_global_TEMPB, F
0x0178	0x360E      	RLCF        R14, 1, 0
;__Lib_Math.c, 1289 :: 		MOVF    math_main_global_Y_1,W
0x017A	0x5004      	MOVF        R4, 0, 0
;__Lib_Math.c, 1290 :: 		BTFSS   math_main_global_XHi_1,0
0x017C	0xA002      	BTFSS       R2, 0, 0
;__Lib_Math.c, 1291 :: 		BRA     UADD22L16
0x017E	0xD012      	BRA         UADD22L16
;__Lib_Math.c, 1293 :: 		SUBWF   math_main_global_Remainder_1, F
0x0180	0x5E08      	SUBWF       R8, 1, 0
;__Lib_Math.c, 1294 :: 		MOVF    math_main_global_Y_2,W
0x0182	0x5005      	MOVF        R5, 0, 0
;__Lib_Math.c, 1295 :: 		BTFSS   STATUS,C,0
0x0184	0xA0D8      	BTFSS       STATUS, 0, 0
;__Lib_Math.c, 1296 :: 		INCFSZ  math_main_global_Y_2,W
0x0186	0x3C05      	INCFSZ      R5, 0, 0
;__Lib_Math.c, 1297 :: 		SUBWF   math_main_global_Remainder_2, F
0x0188	0x5E09      	SUBWF       R9, 1, 0
;__Lib_Math.c, 1298 :: 		MOVF    math_main_global_YHi_1,W
0x018A	0x5006      	MOVF        R6, 0, 0
;__Lib_Math.c, 1299 :: 		BTFSS   STATUS,C,0
0x018C	0xA0D8      	BTFSS       STATUS, 0, 0
;__Lib_Math.c, 1300 :: 		INCFSZ  math_main_global_YHi_1,W
0x018E	0x3C06      	INCFSZ      R6, 0, 0
;__Lib_Math.c, 1301 :: 		SUBWF   math_main_global_RemainderHi_1, F
0x0190	0x5E0A      	SUBWF       R10, 1, 0
;__Lib_Math.c, 1302 :: 		MOVF    math_main_global_YHi_2,W
0x0192	0x5007      	MOVF        R7, 0, 0
;__Lib_Math.c, 1303 :: 		BTFSS   STATUS,C,0
0x0194	0xA0D8      	BTFSS       STATUS, 0, 0
;__Lib_Math.c, 1304 :: 		INCFSZ  math_main_global_YHi_2,W
0x0196	0x3C07      	INCFSZ      R7, 0, 0
;__Lib_Math.c, 1305 :: 		SUBWF   math_main_global_RemainderHi_2, F
0x0198	0x5E0B      	SUBWF       R11, 1, 0
;__Lib_Math.c, 1306 :: 		CLRF    WREG
0x019A	0x6AE8      	CLRF        WREG, 0
;__Lib_Math.c, 1307 :: 		BTFSS   STATUS,C,0
0x019C	0xA0D8      	BTFSS       STATUS, 0, 0
;__Lib_Math.c, 1308 :: 		MOVLW   1
0x019E	0x0E01      	MOVLW       1
;__Lib_Math.c, 1309 :: 		SUBWF   math_main_global_TEMPB, F
0x01A0	0x5E0E      	SUBWF       R14, 1, 0
;__Lib_Math.c, 1310 :: 		BRA     UOK22L16
0x01A2	0xD011      	BRA         UOK22L16
;__Lib_Math.c, 1312 :: 		UADD22L16:
UADD22L16:
;__Lib_Math.c, 1313 :: 		ADDWF   math_main_global_Remainder_1, F
0x01A4	0x2608      	ADDWF       R8, 1, 0
;__Lib_Math.c, 1314 :: 		MOVF    math_main_global_Y_2,W
0x01A6	0x5005      	MOVF        R5, 0, 0
;__Lib_Math.c, 1315 :: 		BTFSC   STATUS,C,0
0x01A8	0xB0D8      	BTFSC       STATUS, 0, 0
;__Lib_Math.c, 1316 :: 		INCFSZ  math_main_global_Y_2,W
0x01AA	0x3C05      	INCFSZ      R5, 0, 0
;__Lib_Math.c, 1317 :: 		ADDWF   math_main_global_Remainder_2, F
0x01AC	0x2609      	ADDWF       R9, 1, 0
;__Lib_Math.c, 1318 :: 		MOVF    math_main_global_YHi_1,W
0x01AE	0x5006      	MOVF        R6, 0, 0
;__Lib_Math.c, 1319 :: 		BTFSC   STATUS,C,0
0x01B0	0xB0D8      	BTFSC       STATUS, 0, 0
;__Lib_Math.c, 1320 :: 		INCFSZ  math_main_global_YHi_1,W
0x01B2	0x3C06      	INCFSZ      R6, 0, 0
;__Lib_Math.c, 1321 :: 		ADDWF   math_main_global_RemainderHi_1, F
0x01B4	0x260A      	ADDWF       R10, 1, 0
;__Lib_Math.c, 1322 :: 		MOVF    math_main_global_YHi_2,W
0x01B6	0x5007      	MOVF        R7, 0, 0
;__Lib_Math.c, 1323 :: 		BTFSC   STATUS,C,0
0x01B8	0xB0D8      	BTFSC       STATUS, 0, 0
;__Lib_Math.c, 1324 :: 		INCFSZ  math_main_global_YHi_2,W
0x01BA	0x3C07      	INCFSZ      R7, 0, 0
;__Lib_Math.c, 1325 :: 		ADDWF   math_main_global_RemainderHi_2, F
0x01BC	0x260B      	ADDWF       R11, 1, 0
;__Lib_Math.c, 1326 :: 		CLRF    WREG
0x01BE	0x6AE8      	CLRF        WREG, 0
;__Lib_Math.c, 1327 :: 		BTFSC   STATUS,C,0
0x01C0	0xB0D8      	BTFSC       STATUS, 0, 0
;__Lib_Math.c, 1328 :: 		MOVLW   1
0x01C2	0x0E01      	MOVLW       1
;__Lib_Math.c, 1329 :: 		ADDWF   math_main_global_TEMPB, F
0x01C4	0x260E      	ADDWF       R14, 1, 0
;__Lib_Math.c, 1331 :: 		UOK22L16:
UOK22L16:
;__Lib_Math.c, 1332 :: 		RLCF    math_main_global_X_2, F
0x01C6	0x3601      	RLCF        R1, 1, 0
;__Lib_Math.c, 1334 :: 		MOVLW   7
0x01C8	0x0E07      	MOVLW       7
;__Lib_Math.c, 1335 :: 		MOVWF   math_main_global_LoopCount
0x01CA	0x6E0C      	MOVWF       R12, 0
;__Lib_Math.c, 1337 :: 		LOOPU3232C:
LOOPU3232C:
;__Lib_Math.c, 1338 :: 		RLCF    math_main_global_X_2,W
0x01CC	0x3401      	RLCF        R1, 0, 0
;__Lib_Math.c, 1339 :: 		RLCF    math_main_global_Remainder_1, F
0x01CE	0x3608      	RLCF        R8, 1, 0
;__Lib_Math.c, 1340 :: 		RLCF    math_main_global_Remainder_2, F
0x01D0	0x3609      	RLCF        R9, 1, 0
;__Lib_Math.c, 1341 :: 		RLCF    math_main_global_RemainderHi_1, F
0x01D2	0x360A      	RLCF        R10, 1, 0
;__Lib_Math.c, 1342 :: 		RLCF    math_main_global_RemainderHi_2, F
0x01D4	0x360B      	RLCF        R11, 1, 0
;__Lib_Math.c, 1343 :: 		RLCF    math_main_global_TEMPB, F
0x01D6	0x360E      	RLCF        R14, 1, 0
;__Lib_Math.c, 1344 :: 		MOVF    math_main_global_Y_1,W
0x01D8	0x5004      	MOVF        R4, 0, 0
;__Lib_Math.c, 1345 :: 		BTFSS   math_main_global_X_2,0
0x01DA	0xA001      	BTFSS       R1, 0, 0
;__Lib_Math.c, 1346 :: 		BRA     UADD22LC
0x01DC	0xD012      	BRA         UADD22LC
;__Lib_Math.c, 1348 :: 		SUBWF   math_main_global_Remainder_1, F
0x01DE	0x5E08      	SUBWF       R8, 1, 0
;__Lib_Math.c, 1349 :: 		MOVF    math_main_global_Y_2,W
0x01E0	0x5005      	MOVF        R5, 0, 0
;__Lib_Math.c, 1350 :: 		BTFSS   STATUS,C,0
0x01E2	0xA0D8      	BTFSS       STATUS, 0, 0
;__Lib_Math.c, 1351 :: 		INCFSZ  math_main_global_Y_2,W
0x01E4	0x3C05      	INCFSZ      R5, 0, 0
;__Lib_Math.c, 1352 :: 		SUBWF   math_main_global_Remainder_2, F
0x01E6	0x5E09      	SUBWF       R9, 1, 0
;__Lib_Math.c, 1353 :: 		MOVF    math_main_global_YHi_1,W
0x01E8	0x5006      	MOVF        R6, 0, 0
;__Lib_Math.c, 1354 :: 		BTFSS   STATUS,C,0
0x01EA	0xA0D8      	BTFSS       STATUS, 0, 0
;__Lib_Math.c, 1355 :: 		INCFSZ  math_main_global_YHi_1,W
0x01EC	0x3C06      	INCFSZ      R6, 0, 0
;__Lib_Math.c, 1356 :: 		SUBWF   math_main_global_RemainderHi_1, F
0x01EE	0x5E0A      	SUBWF       R10, 1, 0
;__Lib_Math.c, 1357 :: 		MOVF    math_main_global_YHi_2,W
0x01F0	0x5007      	MOVF        R7, 0, 0
;__Lib_Math.c, 1358 :: 		BTFSS   STATUS,C,0
0x01F2	0xA0D8      	BTFSS       STATUS, 0, 0
;__Lib_Math.c, 1359 :: 		INCFSZ  math_main_global_YHi_2,W
0x01F4	0x3C07      	INCFSZ      R7, 0, 0
;__Lib_Math.c, 1360 :: 		SUBWF   math_main_global_RemainderHi_2, F
0x01F6	0x5E0B      	SUBWF       R11, 1, 0
;__Lib_Math.c, 1361 :: 		CLRF    WREG
0x01F8	0x6AE8      	CLRF        WREG, 0
;__Lib_Math.c, 1362 :: 		BTFSS   STATUS,C,0
0x01FA	0xA0D8      	BTFSS       STATUS, 0, 0
;__Lib_Math.c, 1363 :: 		MOVLW   1
0x01FC	0x0E01      	MOVLW       1
;__Lib_Math.c, 1364 :: 		SUBWF   math_main_global_TEMPB, F
0x01FE	0x5E0E      	SUBWF       R14, 1, 0
;__Lib_Math.c, 1365 :: 		BRA     UOK22LC
0x0200	0xD011      	BRA         UOK22LC
;__Lib_Math.c, 1367 :: 		UADD22LC:
UADD22LC:
;__Lib_Math.c, 1368 :: 		ADDWF   math_main_global_Remainder_1, F
0x0202	0x2608      	ADDWF       R8, 1, 0
;__Lib_Math.c, 1369 :: 		MOVF    math_main_global_Y_2,W
0x0204	0x5005      	MOVF        R5, 0, 0
;__Lib_Math.c, 1370 :: 		BTFSC   STATUS,C,0
0x0206	0xB0D8      	BTFSC       STATUS, 0, 0
;__Lib_Math.c, 1371 :: 		INCFSZ  math_main_global_Y_2,W
0x0208	0x3C05      	INCFSZ      R5, 0, 0
;__Lib_Math.c, 1372 :: 		ADDWF   math_main_global_Remainder_2, F
0x020A	0x2609      	ADDWF       R9, 1, 0
;__Lib_Math.c, 1373 :: 		MOVF    math_main_global_YHi_1,W
0x020C	0x5006      	MOVF        R6, 0, 0
;__Lib_Math.c, 1374 :: 		BTFSC   STATUS,C,0
0x020E	0xB0D8      	BTFSC       STATUS, 0, 0
;__Lib_Math.c, 1375 :: 		INCFSZ  math_main_global_YHi_1,W
0x0210	0x3C06      	INCFSZ      R6, 0, 0
;__Lib_Math.c, 1376 :: 		ADDWF   math_main_global_RemainderHi_1, F
0x0212	0x260A      	ADDWF       R10, 1, 0
;__Lib_Math.c, 1377 :: 		MOVF    math_main_global_YHi_2,W
0x0214	0x5007      	MOVF        R7, 0, 0
;__Lib_Math.c, 1378 :: 		BTFSC   STATUS,C,0
0x0216	0xB0D8      	BTFSC       STATUS, 0, 0
;__Lib_Math.c, 1379 :: 		INCFSZ  math_main_global_YHi_2,W
0x0218	0x3C07      	INCFSZ      R7, 0, 0
;__Lib_Math.c, 1380 :: 		ADDWF   math_main_global_RemainderHi_2, F
0x021A	0x260B      	ADDWF       R11, 1, 0
;__Lib_Math.c, 1381 :: 		CLRF    WREG
0x021C	0x6AE8      	CLRF        WREG, 0
;__Lib_Math.c, 1382 :: 		BTFSC   STATUS,C,0
0x021E	0xB0D8      	BTFSC       STATUS, 0, 0
;__Lib_Math.c, 1383 :: 		MOVLW   1
0x0220	0x0E01      	MOVLW       1
;__Lib_Math.c, 1384 :: 		ADDWF   math_main_global_TEMPB, F
0x0222	0x260E      	ADDWF       R14, 1, 0
;__Lib_Math.c, 1386 :: 		UOK22LC:
UOK22LC:
;__Lib_Math.c, 1387 :: 		RLCF    math_main_global_X_2, F
0x0224	0x3601      	RLCF        R1, 1, 0
;__Lib_Math.c, 1389 :: 		DECFSZ  math_main_global_LoopCount, F
0x0226	0x2E0C      	DECFSZ      R12, 1, 0
;__Lib_Math.c, 1390 :: 		BRA     LOOPU3232C
0x0228	0xD7D1      	BRA         LOOPU3232C
;__Lib_Math.c, 1392 :: 		RLCF    math_main_global_X_1,W
0x022A	0x3400      	RLCF        R0, 0, 0
;__Lib_Math.c, 1393 :: 		RLCF    math_main_global_Remainder_1, F
0x022C	0x3608      	RLCF        R8, 1, 0
;__Lib_Math.c, 1394 :: 		RLCF    math_main_global_Remainder_2, F
0x022E	0x3609      	RLCF        R9, 1, 0
;__Lib_Math.c, 1395 :: 		RLCF    math_main_global_RemainderHi_1, F
0x0230	0x360A      	RLCF        R10, 1, 0
;__Lib_Math.c, 1396 :: 		RLCF    math_main_global_RemainderHi_2, F
0x0232	0x360B      	RLCF        R11, 1, 0
;__Lib_Math.c, 1397 :: 		RLCF    math_main_global_TEMPB, F
0x0234	0x360E      	RLCF        R14, 1, 0
;__Lib_Math.c, 1398 :: 		MOVF    math_main_global_Y_1,W
0x0236	0x5004      	MOVF        R4, 0, 0
;__Lib_Math.c, 1399 :: 		BTFSS   math_main_global_X_2,0
0x0238	0xA001      	BTFSS       R1, 0, 0
;__Lib_Math.c, 1400 :: 		BRA     UADD22L24
0x023A	0xD012      	BRA         UADD22L24
;__Lib_Math.c, 1402 :: 		SUBWF   math_main_global_Remainder_1, F
0x023C	0x5E08      	SUBWF       R8, 1, 0
;__Lib_Math.c, 1403 :: 		MOVF    math_main_global_Y_2,W
0x023E	0x5005      	MOVF        R5, 0, 0
;__Lib_Math.c, 1404 :: 		BTFSS   STATUS,C,0
0x0240	0xA0D8      	BTFSS       STATUS, 0, 0
;__Lib_Math.c, 1405 :: 		INCFSZ  math_main_global_Y_2,W
0x0242	0x3C05      	INCFSZ      R5, 0, 0
;__Lib_Math.c, 1406 :: 		SUBWF   math_main_global_Remainder_2, F
0x0244	0x5E09      	SUBWF       R9, 1, 0
;__Lib_Math.c, 1407 :: 		MOVF    math_main_global_YHi_1,W
0x0246	0x5006      	MOVF        R6, 0, 0
;__Lib_Math.c, 1408 :: 		BTFSS   STATUS,C,0
0x0248	0xA0D8      	BTFSS       STATUS, 0, 0
;__Lib_Math.c, 1409 :: 		INCFSZ  math_main_global_YHi_1,W
0x024A	0x3C06      	INCFSZ      R6, 0, 0
;__Lib_Math.c, 1410 :: 		SUBWF   math_main_global_RemainderHi_1, F
0x024C	0x5E0A      	SUBWF       R10, 1, 0
;__Lib_Math.c, 1411 :: 		MOVF    math_main_global_YHi_2,W
0x024E	0x5007      	MOVF        R7, 0, 0
;__Lib_Math.c, 1412 :: 		BTFSS   STATUS,C,0
0x0250	0xA0D8      	BTFSS       STATUS, 0, 0
;__Lib_Math.c, 1413 :: 		INCFSZ  math_main_global_YHi_2,W
0x0252	0x3C07      	INCFSZ      R7, 0, 0
;__Lib_Math.c, 1414 :: 		SUBWF   math_main_global_RemainderHi_2, F
0x0254	0x5E0B      	SUBWF       R11, 1, 0
;__Lib_Math.c, 1415 :: 		CLRF    WREG
0x0256	0x6AE8      	CLRF        WREG, 0
;__Lib_Math.c, 1416 :: 		BTFSS   STATUS,C,0
0x0258	0xA0D8      	BTFSS       STATUS, 0, 0
;__Lib_Math.c, 1417 :: 		MOVLW   1
0x025A	0x0E01      	MOVLW       1
;__Lib_Math.c, 1418 :: 		SUBWF   math_main_global_TEMPB, F
0x025C	0x5E0E      	SUBWF       R14, 1, 0
;__Lib_Math.c, 1419 :: 		BRA     UOK22L24
0x025E	0xD011      	BRA         UOK22L24
;__Lib_Math.c, 1421 :: 		UADD22L24:
UADD22L24:
;__Lib_Math.c, 1422 :: 		ADDWF   math_main_global_Remainder_1, F
0x0260	0x2608      	ADDWF       R8, 1, 0
;__Lib_Math.c, 1423 :: 		MOVF    math_main_global_Y_2,W
0x0262	0x5005      	MOVF        R5, 0, 0
;__Lib_Math.c, 1424 :: 		BTFSC   STATUS,C,0
0x0264	0xB0D8      	BTFSC       STATUS, 0, 0
;__Lib_Math.c, 1425 :: 		INCFSZ  math_main_global_Y_2,W
0x0266	0x3C05      	INCFSZ      R5, 0, 0
;__Lib_Math.c, 1426 :: 		ADDWF   math_main_global_Remainder_2, F
0x0268	0x2609      	ADDWF       R9, 1, 0
;__Lib_Math.c, 1427 :: 		MOVF    math_main_global_YHi_1,W
0x026A	0x5006      	MOVF        R6, 0, 0
;__Lib_Math.c, 1428 :: 		BTFSC   STATUS,C,0
0x026C	0xB0D8      	BTFSC       STATUS, 0, 0
;__Lib_Math.c, 1429 :: 		INCFSZ  math_main_global_YHi_1,W
0x026E	0x3C06      	INCFSZ      R6, 0, 0
;__Lib_Math.c, 1430 :: 		ADDWF   math_main_global_RemainderHi_1, F
0x0270	0x260A      	ADDWF       R10, 1, 0
;__Lib_Math.c, 1431 :: 		MOVF    math_main_global_YHi_2,W
0x0272	0x5007      	MOVF        R7, 0, 0
;__Lib_Math.c, 1432 :: 		BTFSC   STATUS,C,0
0x0274	0xB0D8      	BTFSC       STATUS, 0, 0
;__Lib_Math.c, 1433 :: 		INCFSZ  math_main_global_YHi_2,W
0x0276	0x3C07      	INCFSZ      R7, 0, 0
;__Lib_Math.c, 1434 :: 		ADDWF   math_main_global_RemainderHi_2, F
0x0278	0x260B      	ADDWF       R11, 1, 0
;__Lib_Math.c, 1435 :: 		CLRF    WREG
0x027A	0x6AE8      	CLRF        WREG, 0
;__Lib_Math.c, 1436 :: 		BTFSC   STATUS,C,0
0x027C	0xB0D8      	BTFSC       STATUS, 0, 0
;__Lib_Math.c, 1437 :: 		MOVLW   1
0x027E	0x0E01      	MOVLW       1
;__Lib_Math.c, 1438 :: 		ADDWF   math_main_global_TEMPB, F
0x0280	0x260E      	ADDWF       R14, 1, 0
;__Lib_Math.c, 1440 :: 		UOK22L24:
UOK22L24:
;__Lib_Math.c, 1441 :: 		RLCF    math_main_global_X_1, F
0x0282	0x3600      	RLCF        R0, 1, 0
;__Lib_Math.c, 1443 :: 		MOVLW   7
0x0284	0x0E07      	MOVLW       7
;__Lib_Math.c, 1444 :: 		MOVWF   math_main_global_LoopCount
0x0286	0x6E0C      	MOVWF       R12, 0
;__Lib_Math.c, 1446 :: 		LOOPU3232D:
LOOPU3232D:
;__Lib_Math.c, 1447 :: 		RLCF    math_main_global_X_1,W
0x0288	0x3400      	RLCF        R0, 0, 0
;__Lib_Math.c, 1448 :: 		RLCF    math_main_global_Remainder_1, F
0x028A	0x3608      	RLCF        R8, 1, 0
;__Lib_Math.c, 1449 :: 		RLCF    math_main_global_Remainder_2, F
0x028C	0x3609      	RLCF        R9, 1, 0
;__Lib_Math.c, 1450 :: 		RLCF    math_main_global_RemainderHi_1, F
0x028E	0x360A      	RLCF        R10, 1, 0
;__Lib_Math.c, 1451 :: 		RLCF    math_main_global_RemainderHi_2, F
0x0290	0x360B      	RLCF        R11, 1, 0
;__Lib_Math.c, 1452 :: 		RLCF    math_main_global_TEMPB, F
0x0292	0x360E      	RLCF        R14, 1, 0
;__Lib_Math.c, 1453 :: 		MOVF    math_main_global_Y_1,W
0x0294	0x5004      	MOVF        R4, 0, 0
;__Lib_Math.c, 1454 :: 		BTFSS   math_main_global_X_1,0
0x0296	0xA000      	BTFSS       R0, 0, 0
;__Lib_Math.c, 1455 :: 		BRA     UADD22LD
0x0298	0xD012      	BRA         UADD22LD
;__Lib_Math.c, 1457 :: 		SUBWF   math_main_global_Remainder_1, F
0x029A	0x5E08      	SUBWF       R8, 1, 0
;__Lib_Math.c, 1458 :: 		MOVF    math_main_global_Y_2,W
0x029C	0x5005      	MOVF        R5, 0, 0
;__Lib_Math.c, 1459 :: 		BTFSS   STATUS,C,0
0x029E	0xA0D8      	BTFSS       STATUS, 0, 0
;__Lib_Math.c, 1460 :: 		INCFSZ  math_main_global_Y_2,W
0x02A0	0x3C05      	INCFSZ      R5, 0, 0
;__Lib_Math.c, 1461 :: 		SUBWF   math_main_global_Remainder_2, F
0x02A2	0x5E09      	SUBWF       R9, 1, 0
;__Lib_Math.c, 1462 :: 		MOVF    math_main_global_YHi_1,W
0x02A4	0x5006      	MOVF        R6, 0, 0
;__Lib_Math.c, 1463 :: 		BTFSS   STATUS,C,0
0x02A6	0xA0D8      	BTFSS       STATUS, 0, 0
;__Lib_Math.c, 1464 :: 		INCFSZ  math_main_global_YHi_1,W
0x02A8	0x3C06      	INCFSZ      R6, 0, 0
;__Lib_Math.c, 1465 :: 		SUBWF   math_main_global_RemainderHi_1, F
0x02AA	0x5E0A      	SUBWF       R10, 1, 0
;__Lib_Math.c, 1466 :: 		MOVF    math_main_global_YHi_2,W
0x02AC	0x5007      	MOVF        R7, 0, 0
;__Lib_Math.c, 1467 :: 		BTFSS   STATUS,C,0
0x02AE	0xA0D8      	BTFSS       STATUS, 0, 0
;__Lib_Math.c, 1468 :: 		INCFSZ  math_main_global_YHi_2,W
0x02B0	0x3C07      	INCFSZ      R7, 0, 0
;__Lib_Math.c, 1469 :: 		SUBWF   math_main_global_RemainderHi_2, F
0x02B2	0x5E0B      	SUBWF       R11, 1, 0
;__Lib_Math.c, 1470 :: 		CLRF    WREG
0x02B4	0x6AE8      	CLRF        WREG, 0
;__Lib_Math.c, 1471 :: 		BTFSS   STATUS,C,0
0x02B6	0xA0D8      	BTFSS       STATUS, 0, 0
;__Lib_Math.c, 1472 :: 		MOVLW   1
0x02B8	0x0E01      	MOVLW       1
;__Lib_Math.c, 1473 :: 		SUBWF   math_main_global_TEMPB, F
0x02BA	0x5E0E      	SUBWF       R14, 1, 0
;__Lib_Math.c, 1474 :: 		BRA     UOK22LD
0x02BC	0xD011      	BRA         UOK22LD
;__Lib_Math.c, 1476 :: 		UADD22LD:
UADD22LD:
;__Lib_Math.c, 1477 :: 		ADDWF   math_main_global_Remainder_1, F
0x02BE	0x2608      	ADDWF       R8, 1, 0
;__Lib_Math.c, 1478 :: 		MOVF    math_main_global_Y_2,W
0x02C0	0x5005      	MOVF        R5, 0, 0
;__Lib_Math.c, 1479 :: 		BTFSC   STATUS,C,0
0x02C2	0xB0D8      	BTFSC       STATUS, 0, 0
;__Lib_Math.c, 1480 :: 		INCFSZ  math_main_global_Y_2,W
0x02C4	0x3C05      	INCFSZ      R5, 0, 0
;__Lib_Math.c, 1481 :: 		ADDWF   math_main_global_Remainder_2, F
0x02C6	0x2609      	ADDWF       R9, 1, 0
;__Lib_Math.c, 1482 :: 		MOVF    math_main_global_YHi_1,W
0x02C8	0x5006      	MOVF        R6, 0, 0
;__Lib_Math.c, 1483 :: 		BTFSC   STATUS,C,0
0x02CA	0xB0D8      	BTFSC       STATUS, 0, 0
;__Lib_Math.c, 1484 :: 		INCFSZ  math_main_global_YHi_1,W
0x02CC	0x3C06      	INCFSZ      R6, 0, 0
;__Lib_Math.c, 1485 :: 		ADDWF   math_main_global_RemainderHi_1, F
0x02CE	0x260A      	ADDWF       R10, 1, 0
;__Lib_Math.c, 1486 :: 		MOVF    math_main_global_YHi_2,W
0x02D0	0x5007      	MOVF        R7, 0, 0
;__Lib_Math.c, 1487 :: 		BTFSC   STATUS,C,0
0x02D2	0xB0D8      	BTFSC       STATUS, 0, 0
;__Lib_Math.c, 1488 :: 		INCFSZ  math_main_global_YHi_2,W
0x02D4	0x3C07      	INCFSZ      R7, 0, 0
;__Lib_Math.c, 1489 :: 		ADDWF   math_main_global_RemainderHi_2, F
0x02D6	0x260B      	ADDWF       R11, 1, 0
;__Lib_Math.c, 1490 :: 		CLRF    WREG
0x02D8	0x6AE8      	CLRF        WREG, 0
;__Lib_Math.c, 1491 :: 		BTFSC   STATUS,C,0
0x02DA	0xB0D8      	BTFSC       STATUS, 0, 0
;__Lib_Math.c, 1492 :: 		MOVLW   1
0x02DC	0x0E01      	MOVLW       1
;__Lib_Math.c, 1493 :: 		ADDWF   math_main_global_TEMPB, F
0x02DE	0x260E      	ADDWF       R14, 1, 0
;__Lib_Math.c, 1495 :: 		UOK22LD:
UOK22LD:
;__Lib_Math.c, 1496 :: 		RLCF    math_main_global_X_1, F
0x02E0	0x3600      	RLCF        R0, 1, 0
;__Lib_Math.c, 1498 :: 		DECFSZ  math_main_global_LoopCount, F
0x02E2	0x2E0C      	DECFSZ      R12, 1, 0
;__Lib_Math.c, 1499 :: 		BRA     LOOPU3232D
0x02E4	0xD7D1      	BRA         LOOPU3232D
;__Lib_Math.c, 1501 :: 		BTFSC   math_main_global_X_1,0
0x02E6	0xB000      	BTFSC       R0, 0, 0
;__Lib_Math.c, 1502 :: 		BRA     UOK22L
0x02E8	0xD00E      	BRA         UOK22L
;__Lib_Math.c, 1503 :: 		MOVF    math_main_global_Y_1,W
0x02EA	0x5004      	MOVF        R4, 0, 0
;__Lib_Math.c, 1504 :: 		ADDWF   math_main_global_Remainder_1, F
0x02EC	0x2608      	ADDWF       R8, 1, 0
;__Lib_Math.c, 1505 :: 		MOVF    math_main_global_Y_2,W
0x02EE	0x5005      	MOVF        R5, 0, 0
;__Lib_Math.c, 1506 :: 		BTFSC   STATUS,C,0
0x02F0	0xB0D8      	BTFSC       STATUS, 0, 0
;__Lib_Math.c, 1507 :: 		INCFSZ  math_main_global_Y_2,W
0x02F2	0x3C05      	INCFSZ      R5, 0, 0
;__Lib_Math.c, 1508 :: 		ADDWF   math_main_global_Remainder_2, F
0x02F4	0x2609      	ADDWF       R9, 1, 0
;__Lib_Math.c, 1509 :: 		MOVF    math_main_global_YHi_1,W
0x02F6	0x5006      	MOVF        R6, 0, 0
;__Lib_Math.c, 1510 :: 		BTFSC   STATUS,C,0
0x02F8	0xB0D8      	BTFSC       STATUS, 0, 0
;__Lib_Math.c, 1511 :: 		INCFSZ  math_main_global_YHi_1,W
0x02FA	0x3C06      	INCFSZ      R6, 0, 0
;__Lib_Math.c, 1512 :: 		ADDWF   math_main_global_RemainderHi_1, F
0x02FC	0x260A      	ADDWF       R10, 1, 0
;__Lib_Math.c, 1513 :: 		MOVF    math_main_global_YHi_2,W
0x02FE	0x5007      	MOVF        R7, 0, 0
;__Lib_Math.c, 1514 :: 		BTFSC   STATUS,C,0
0x0300	0xB0D8      	BTFSC       STATUS, 0, 0
;__Lib_Math.c, 1515 :: 		INCFSZ  math_main_global_YHi_2,W
0x0302	0x3C07      	INCFSZ      R7, 0, 0
;__Lib_Math.c, 1516 :: 		ADDWF   math_main_global_RemainderHi_2, F
0x0304	0x260B      	ADDWF       R11, 1, 0
;__Lib_Math.c, 1518 :: 		UOK22L:
UOK22L:
;__Lib_Math.c, 1532 :: 		*         X  <--  X * Y
L_end_Div_32x32_U:
0x0306	0x0012      	RETURN      0
; end of _Div_32x32_U
_Mul_32x32_U:
;__Lib_Math.c, 1534 :: 		void Mul_32x32_U()
;__Lib_Math.c, 1542 :: 		MOVLW   34
0x0308	0x0E22      	MOVLW       34
;__Lib_Math.c, 1543 :: 		MOVWF   math_main_global_LoopCount
0x030A	0x6E0C      	MOVWF       R12, 0
;__Lib_Math.c, 1544 :: 		CLRF    math_main_global_XHr_1
0x030C	0x6A08      	CLRF        R8, 0
;__Lib_Math.c, 1545 :: 		CLRF    math_main_global_XHr_2
0x030E	0x6A09      	CLRF        R9, 0
;__Lib_Math.c, 1546 :: 		CLRF    math_main_global_XHs_1
0x0310	0x6A0A      	CLRF        R10, 0
;__Lib_Math.c, 1547 :: 		CLRF    math_main_global_XHs_2
0x0312	0x6A0B      	CLRF        R11, 0
;__Lib_Math.c, 1549 :: 		_NEXT:
_NEXT:
;__Lib_Math.c, 1553 :: 		DECF    math_main_global_LoopCount, F
0x0314	0x060C      	DECF        R12, 1, 0
;__Lib_Math.c, 1554 :: 		BTFSC   STATUS, Z
0x0316	0xB4D8      	BTFSC       STATUS, 2, 0
;__Lib_Math.c, 1555 :: 		BRA     _EXIT2
0x0318	0xD01F      	BRA         _EXIT2
;__Lib_Math.c, 1556 :: 		BCF     STATUS, C
0x031A	0x90D8      	BCF         STATUS, 0, 0
;__Lib_Math.c, 1558 :: 		_LOOP:
_LOOP:
;__Lib_Math.c, 1567 :: 		RRCF    math_main_global_XHs_2, F
0x031C	0x320B      	RRCF        R11, 1, 0
;__Lib_Math.c, 1568 :: 		RRCF    math_main_global_XHs_1, F
0x031E	0x320A      	RRCF        R10, 1, 0
;__Lib_Math.c, 1569 :: 		RRCF    math_main_global_XHr_2, F
0x0320	0x3209      	RRCF        R9, 1, 0
;__Lib_Math.c, 1570 :: 		RRCF    math_main_global_XHr_1, F
0x0322	0x3208      	RRCF        R8, 1, 0
;__Lib_Math.c, 1571 :: 		RRCF    math_main_global_XHi_2, F
0x0324	0x3203      	RRCF        R3, 1, 0
;__Lib_Math.c, 1572 :: 		RRCF    math_main_global_XHi_1, F
0x0326	0x3202      	RRCF        R2, 1, 0
;__Lib_Math.c, 1573 :: 		RRCF    math_main_global_X_2, F
0x0328	0x3201      	RRCF        R1, 1, 0
;__Lib_Math.c, 1574 :: 		RRCF    math_main_global_X_1, F
0x032A	0x3200      	RRCF        R0, 1, 0
;__Lib_Math.c, 1579 :: 		BTFSS   STATUS, C
0x032C	0xA0D8      	BTFSS       STATUS, 0, 0
;__Lib_Math.c, 1580 :: 		BRA     _NEXT
0x032E	0xD7F2      	BRA         _NEXT
;__Lib_Math.c, 1581 :: 		DECF     math_main_global_LoopCount, F
0x0330	0x060C      	DECF        R12, 1, 0
;__Lib_Math.c, 1582 :: 		BTFSC    STATUS, Z
0x0332	0xB4D8      	BTFSC       STATUS, 2, 0
;__Lib_Math.c, 1583 :: 		BRA     _EXIT1
0x0334	0xD009      	BRA         _EXIT1
;__Lib_Math.c, 1590 :: 		MOVF    math_main_global_Y_1, W
0x0336	0x5004      	MOVF        R4, 0, 0
;__Lib_Math.c, 1591 :: 		ADDWF   math_main_global_XHr_1, F
0x0338	0x2608      	ADDWF       R8, 1, 0
;__Lib_Math.c, 1592 :: 		MOVF    math_main_global_Y_2,W
0x033A	0x5005      	MOVF        R5, 0, 0
;__Lib_Math.c, 1595 :: 		ADDWFC  math_main_global_XHr_2, F
0x033C	0x2209      	ADDWFC      R9, 1, 0
;__Lib_Math.c, 1596 :: 		MOVF    math_main_global_YHi_1,W
0x033E	0x5006      	MOVF        R6, 0, 0
;__Lib_Math.c, 1599 :: 		ADDWFC  math_main_global_XHs_1, F
0x0340	0x220A      	ADDWFC      R10, 1, 0
;__Lib_Math.c, 1600 :: 		MOVF    math_main_global_YHi_2,W
0x0342	0x5007      	MOVF        R7, 0, 0
;__Lib_Math.c, 1603 :: 		ADDWFC  math_main_global_XHs_2, F
0x0344	0x220B      	ADDWFC      R11, 1, 0
;__Lib_Math.c, 1605 :: 		BRA   _LOOP
0x0346	0xD7EA      	BRA         _LOOP
;__Lib_Math.c, 1607 :: 		_EXIT1:
_EXIT1:
;__Lib_Math.c, 1612 :: 		MOVF    math_main_global_Y_1, W
0x0348	0x5004      	MOVF        R4, 0, 0
;__Lib_Math.c, 1613 :: 		ADDWF   math_main_global_XHr_1, F
0x034A	0x2608      	ADDWF       R8, 1, 0
;__Lib_Math.c, 1614 :: 		MOVF    math_main_global_Y_2,W
0x034C	0x5005      	MOVF        R5, 0, 0
;__Lib_Math.c, 1617 :: 		ADDWFC  math_main_global_XHr_2, F
0x034E	0x2209      	ADDWFC      R9, 1, 0
;__Lib_Math.c, 1618 :: 		MOVF    math_main_global_YHi_1,W
0x0350	0x5006      	MOVF        R6, 0, 0
;__Lib_Math.c, 1621 :: 		ADDWFC  math_main_global_XHs_1, F
0x0352	0x220A      	ADDWFC      R10, 1, 0
;__Lib_Math.c, 1622 :: 		MOVF    math_main_global_YHi_2,W
0x0354	0x5007      	MOVF        R7, 0, 0
;__Lib_Math.c, 1625 :: 		ADDWFC  math_main_global_XHs_2, F
0x0356	0x220B      	ADDWFC      R11, 1, 0
;__Lib_Math.c, 1628 :: 		_EXIT2:
_EXIT2:
;__Lib_Math.c, 1642 :: 		*         X  <--  X * Y
L_end_Mul_32x32_U:
0x0358	0x0012      	RETURN      0
; end of _Mul_32x32_U
_ADC_Get_Sample:
;main.c, 60 :: 		unsigned int ADC_Get_Sample(unsigned char ch){
;main.c, 61 :: 		ADCON0 = (unsigned char)(ch << 2); // select channel in CHS bits
0x035A	0xF000C03B  	MOVFF       FARG_ADC_Get_Sample_ch, R0
0x035E	0x3600      	RLCF        R0, 1 
0x0360	0x9000      	BCF         R0, 0 
0x0362	0x3600      	RLCF        R0, 1 
0x0364	0x9000      	BCF         R0, 0 
0x0366	0xFFC2C000  	MOVFF       R0, ADCON0
;main.c, 62 :: 		ADCON0.F0 = 1; // ADON = 1 turns the ADC on
0x036A	0x80C2      	BSF         ADCON0, 0 
;main.c, 63 :: 		Delay_ms(2); // let the sample-and-hold capacitor charge
0x036C	0x0E15      	MOVLW       21
0x036E	0x6E0C      	MOVWF       R12, 0
0x0370	0x0EC6      	MOVLW       198
0x0372	0x6E0D      	MOVWF       R13, 0
L_ADC_Get_Sample0:
0x0374	0x2E0D      	DECFSZ      R13, 1, 0
0x0376	0xD7FE      	BRA         L_ADC_Get_Sample0
0x0378	0x2E0C      	DECFSZ      R12, 1, 0
0x037A	0xD7FC      	BRA         L_ADC_Get_Sample0
0x037C	0x0000      	NOP
;main.c, 64 :: 		ADCON0.F1 = 1; // GO/DONE = 1 starts conversion
0x037E	0x82C2      	BSF         ADCON0, 1 
;main.c, 65 :: 		while(ADCON0.F1){} // wait until GO/DONE returns to 0
L_ADC_Get_Sample1:
0x0380	0xA2C2      	BTFSS       ADCON0, 1 
0x0382	0xD001      	BRA         L_ADC_Get_Sample2
0x0384	0xD7FD      	BRA         L_ADC_Get_Sample1
L_ADC_Get_Sample2:
;main.c, 66 :: 		return (unsigned int)((((unsigned int)ADRESH) << 8) | ADRESL); // 10-bit value
0x0386	0xF003CFC4  	MOVFF       ADRESH, R3
0x038A	0x0E00      	MOVLW       0
0x038C	0x6E04      	MOVWF       R3+1 
0x038E	0xF001C003  	MOVFF       R3, R0+1
0x0392	0x6A00      	CLRF        R0 
0x0394	0x50C3      	MOVF        ADRESL, 0 
0x0396	0x1200      	IORWF       R0, 1 
0x0398	0x0E00      	MOVLW       0
0x039A	0x1201      	IORWF       R0+1, 1 
;main.c, 67 :: 		}
L_end_ADC_Get_Sample:
0x039C	0x0012      	RETURN      0
; end of _ADC_Get_Sample
_Div_16X16_U:
;__Lib_Math.c, 68 :: 		void Div_16X16_U()
;__Lib_Math.c, 71 :: 		CLRF   math_main_global_Remainder_1
0x039E	0x6A08      	CLRF        R8, 0
;__Lib_Math.c, 72 :: 		CLRF   math_main_global_Remainder_2
0x03A0	0x6A09      	CLRF        R9, 0
;__Lib_Math.c, 73 :: 		MOVLW  16
0x03A2	0x0E10      	MOVLW       16
;__Lib_Math.c, 74 :: 		MOVWF  math_main_global_LoopCount
0x03A4	0x6E0C      	MOVWF       R12, 0
;__Lib_Math.c, 75 :: 		RLCF   math_main_global_X_2,W
0x03A6	0x3401      	RLCF        R1, 0, 0
;__Lib_Math.c, 76 :: 		RLCF   math_main_global_Remainder_1,F
0x03A8	0x3608      	RLCF        R8, 1, 0
;__Lib_Math.c, 77 :: 		RLCF   math_main_global_Remainder_2,F
0x03AA	0x3609      	RLCF        R9, 1, 0
;__Lib_Math.c, 78 :: 		MOVF   math_main_global_Y_1,W
0x03AC	0x5004      	MOVF        R4, 0, 0
;__Lib_Math.c, 79 :: 		SUBWF  math_main_global_Remainder_1,F
0x03AE	0x5E08      	SUBWF       R8, 1, 0
;__Lib_Math.c, 80 :: 		MOVF   math_main_global_Y_2,W
0x03B0	0x5005      	MOVF        R5, 0, 0
;__Lib_Math.c, 81 :: 		BTFSS  STATUS,C,0
0x03B2	0xA0D8      	BTFSS       STATUS, 0, 0
;__Lib_Math.c, 82 :: 		INCFSZ math_main_global_Y_2,W
0x03B4	0x3C05      	INCFSZ      R5, 0, 0
;__Lib_Math.c, 83 :: 		SUBWF  math_main_global_Remainder_2,F
0x03B6	0x5E09      	SUBWF       R9, 1, 0
;__Lib_Math.c, 84 :: 		BTFSC  STATUS,C,0
0x03B8	0xB0D8      	BTFSC       STATUS, 0, 0
;__Lib_Math.c, 85 :: 		BRA    $+16 //$+8
0x03BA	0xD007      	BRA         $+16
;__Lib_Math.c, 86 :: 		MOVF   math_main_global_Y_1,W
0x03BC	0x5004      	MOVF        R4, 0, 0
;__Lib_Math.c, 87 :: 		ADDWF  math_main_global_Remainder_1,F
0x03BE	0x2608      	ADDWF       R8, 1, 0
;__Lib_Math.c, 88 :: 		MOVF   math_main_global_Y_2,W
0x03C0	0x5005      	MOVF        R5, 0, 0
;__Lib_Math.c, 89 :: 		BTFSC  STATUS,C,0
0x03C2	0xB0D8      	BTFSC       STATUS, 0, 0
;__Lib_Math.c, 90 :: 		INCFSZ math_main_global_Y_2,W
0x03C4	0x3C05      	INCFSZ      R5, 0, 0
;__Lib_Math.c, 91 :: 		ADDWF  math_main_global_Remainder_2,F
0x03C6	0x2609      	ADDWF       R9, 1, 0
;__Lib_Math.c, 92 :: 		BCF    STATUS,C,0
0x03C8	0x90D8      	BCF         STATUS, 0, 0
;__Lib_Math.c, 93 :: 		RLCF   math_main_global_X_1,F
0x03CA	0x3600      	RLCF        R0, 1, 0
;__Lib_Math.c, 94 :: 		RLCF   math_main_global_X_2,F
0x03CC	0x3601      	RLCF        R1, 1, 0
;__Lib_Math.c, 95 :: 		DECFSZ math_main_global_LoopCount,F
0x03CE	0x2E0C      	DECFSZ      R12, 1, 0
;__Lib_Math.c, 96 :: 		BRA    $-42 //$-21
0x03D0	0xD7EA      	BRA         $-42
;__Lib_Math.c, 104 :: 		* @result The quotient of the division.
L_end_Div_16X16_U:
0x03D2	0x0012      	RETURN      0
; end of _Div_16X16_U
_Div_8X8_U:
;__Lib_Math.c, 42 :: 		void Div_8X8_U()
;__Lib_Math.c, 45 :: 		CLRF   math_main_global_Remainder_1
0x03D4	0x6A08      	CLRF        R8, 0
;__Lib_Math.c, 46 :: 		MOVLW  8
0x03D6	0x0E08      	MOVLW       8
;__Lib_Math.c, 47 :: 		MOVWF  math_main_global_LoopCount
0x03D8	0x6E0C      	MOVWF       R12, 0
;__Lib_Math.c, 48 :: 		RLCF   math_main_global_X_1,W
0x03DA	0x3400      	RLCF        R0, 0, 0
;__Lib_Math.c, 49 :: 		RLCF   math_main_global_Remainder_1,F
0x03DC	0x3608      	RLCF        R8, 1, 0
;__Lib_Math.c, 50 :: 		MOVF   math_main_global_Y_1,W
0x03DE	0x5004      	MOVF        R4, 0, 0
;__Lib_Math.c, 51 :: 		SUBWF  math_main_global_Remainder_1,F
0x03E0	0x5E08      	SUBWF       R8, 1, 0
;__Lib_Math.c, 52 :: 		BTFSC  STATUS,C,0
0x03E2	0xB0D8      	BTFSC       STATUS, 0, 0
;__Lib_Math.c, 53 :: 		BRA    $+6 //$+3
0x03E4	0xD002      	BRA         $+6
;__Lib_Math.c, 54 :: 		ADDWF  math_main_global_Remainder_1,F
0x03E6	0x2608      	ADDWF       R8, 1, 0
;__Lib_Math.c, 55 :: 		BCF    STATUS,C,0
0x03E8	0x90D8      	BCF         STATUS, 0, 0
;__Lib_Math.c, 56 :: 		RLCF   math_main_global_X_1,F
0x03EA	0x3600      	RLCF        R0, 1, 0
;__Lib_Math.c, 57 :: 		DECFSZ math_main_global_LoopCount,F
0x03EC	0x2E0C      	DECFSZ      R12, 1, 0
;__Lib_Math.c, 58 :: 		BRA    $-20 //$-10
0x03EE	0xD7F5      	BRA         $-20
;__Lib_Math.c, 66 :: 		* @result The quotient of the division.
L_end_Div_8X8_U:
0x03F0	0x0012      	RETURN      0
; end of _Div_8X8_U
_adc_to_T100:
;main.c, 86 :: 		unsigned int adc_to_T100(unsigned int adc){
;main.c, 87 :: 		unsigned long t = (unsigned long)adc * (unsigned long)VREF_mV * 10ul;
0x03F2	0xF004C031  	MOVFF       FARG_adc_to_T100_adc, R4
0x03F6	0xF005C032  	MOVFF       FARG_adc_to_T100_adc+1, R4+1
0x03FA	0x0E00      	MOVLW       0
0x03FC	0x6E06      	MOVWF       R4+2 
0x03FE	0x6E07      	MOVWF       R4+3 
0x0400	0xF000C015  	MOVFF       _VREF_mV, R0
0x0404	0xF001C016  	MOVFF       _VREF_mV+1, R0+1
0x0408	0x0E00      	MOVLW       0
0x040A	0x6E02      	MOVWF       R0+2 
0x040C	0x6E03      	MOVWF       R0+3 
0x040E	0xDF7C      	RCALL       _Mul_32x32_U
0x0410	0x0E0A      	MOVLW       10
0x0412	0x6E04      	MOVWF       R4 
0x0414	0x0E00      	MOVLW       0
0x0416	0x6E05      	MOVWF       R4+1 
0x0418	0x0E00      	MOVLW       0
0x041A	0x6E06      	MOVWF       R4+2 
0x041C	0x0E00      	MOVLW       0
0x041E	0x6E07      	MOVWF       R4+3 
0x0420	0xDF73      	RCALL       _Mul_32x32_U
0x0422	0xF033C000  	MOVFF       R0, adc_to_T100_t_L0
0x0426	0xF034C001  	MOVFF       R0+1, adc_to_T100_t_L0+1
0x042A	0xF035C002  	MOVFF       R0+2, adc_to_T100_t_L0+2
0x042E	0xF036C003  	MOVFF       R0+3, adc_to_T100_t_L0+3
;main.c, 88 :: 		t = (t + 511ul) / 1023ul;
0x0432	0x0EFF      	MOVLW       255
0x0434	0x2600      	ADDWF       R0, 1 
0x0436	0x0E01      	MOVLW       1
0x0438	0x2201      	ADDWFC      R0+1, 1 
0x043A	0x0E00      	MOVLW       0
0x043C	0x2202      	ADDWFC      R0+2, 1 
0x043E	0x0E00      	MOVLW       0
0x0440	0x2203      	ADDWFC      R0+3, 1 
0x0442	0x0EFF      	MOVLW       255
0x0444	0x6E04      	MOVWF       R4 
0x0446	0x0E03      	MOVLW       3
0x0448	0x6E05      	MOVWF       R4+1 
0x044A	0x0E00      	MOVLW       0
0x044C	0x6E06      	MOVWF       R4+2 
0x044E	0x0E00      	MOVLW       0
0x0450	0x6E07      	MOVWF       R4+3 
0x0452	0xDDE4      	RCALL       _Div_32x32_U
0x0454	0xF033C000  	MOVFF       R0, adc_to_T100_t_L0
0x0458	0xF034C001  	MOVFF       R0+1, adc_to_T100_t_L0+1
0x045C	0xF035C002  	MOVFF       R0+2, adc_to_T100_t_L0+2
0x0460	0xF036C003  	MOVFF       R0+3, adc_to_T100_t_L0+3
;main.c, 89 :: 		if(t>9999ul) t=9999ul;
0x0464	0x5003      	MOVF        R0+3, 0 
0x0466	0x0800      	SUBLW       0
0x0468	0xE108      	BNZ         L__adc_to_T10042
0x046A	0x5002      	MOVF        R0+2, 0 
0x046C	0x0800      	SUBLW       0
0x046E	0xE105      	BNZ         L__adc_to_T10042
0x0470	0x5001      	MOVF        R0+1, 0 
0x0472	0x0827      	SUBLW       39
0x0474	0xE102      	BNZ         L__adc_to_T10042
0x0476	0x5000      	MOVF        R0, 0 
0x0478	0x080F      	SUBLW       15
L__adc_to_T10042:
0x047A	0xE208      	BC          L_adc_to_T1005
0x047C	0x0E0F      	MOVLW       15
0x047E	0x6E33      	MOVWF       adc_to_T100_t_L0 
0x0480	0x0E27      	MOVLW       39
0x0482	0x6E34      	MOVWF       adc_to_T100_t_L0+1 
0x0484	0x0E00      	MOVLW       0
0x0486	0x6E35      	MOVWF       adc_to_T100_t_L0+2 
0x0488	0x0E00      	MOVLW       0
0x048A	0x6E36      	MOVWF       adc_to_T100_t_L0+3 
L_adc_to_T1005:
;main.c, 90 :: 		return (unsigned int)t;
0x048C	0xF000C033  	MOVFF       adc_to_T100_t_L0, R0
0x0490	0xF001C034  	MOVFF       adc_to_T100_t_L0+1, R0+1
;main.c, 91 :: 		}
L_end_adc_to_T100:
0x0494	0x0012      	RETURN      0
; end of _adc_to_T100
_adc_to_Celsius:
;main.c, 69 :: 		unsigned int adc_to_Celsius(unsigned int adc){
;main.c, 70 :: 		unsigned long t = (unsigned long)adc; // widen to prevent overflow
0x0496	0xF004C031  	MOVFF       FARG_adc_to_Celsius_adc, R4
0x049A	0xF005C032  	MOVFF       FARG_adc_to_Celsius_adc+1, R4+1
0x049E	0x0E00      	MOVLW       0
0x04A0	0x6E06      	MOVWF       R4+2 
0x04A2	0x6E07      	MOVWF       R4+3 
0x04A4	0xF033C004  	MOVFF       R4, adc_to_Celsius_t_L0
0x04A8	0xF034C005  	MOVFF       R4+1, adc_to_Celsius_t_L0+1
0x04AC	0xF035C006  	MOVFF       R4+2, adc_to_Celsius_t_L0+2
0x04B0	0xF036C007  	MOVFF       R4+3, adc_to_Celsius_t_L0+3
;main.c, 71 :: 		t = t * (unsigned long)VREF_mV; // adc * Vref_mV gives microvolts/step-scaled value
0x04B4	0xF000C015  	MOVFF       _VREF_mV, R0
0x04B8	0xF001C016  	MOVFF       _VREF_mV+1, R0+1
0x04BC	0x0E00      	MOVLW       0
0x04BE	0x6E02      	MOVWF       R0+2 
0x04C0	0x6E03      	MOVWF       R0+3 
0x04C2	0xDF22      	RCALL       _Mul_32x32_U
0x04C4	0xF033C000  	MOVFF       R0, adc_to_Celsius_t_L0
0x04C8	0xF034C001  	MOVFF       R0+1, adc_to_Celsius_t_L0+1
0x04CC	0xF035C002  	MOVFF       R0+2, adc_to_Celsius_t_L0+2
0x04D0	0xF036C003  	MOVFF       R0+3, adc_to_Celsius_t_L0+3
;main.c, 72 :: 		t = (t + 511ul) / 1023ul; // divide by 1023 with rounding gives mV at the pin
0x04D4	0x0EFF      	MOVLW       255
0x04D6	0x2600      	ADDWF       R0, 1 
0x04D8	0x0E01      	MOVLW       1
0x04DA	0x2201      	ADDWFC      R0+1, 1 
0x04DC	0x0E00      	MOVLW       0
0x04DE	0x2202      	ADDWFC      R0+2, 1 
0x04E0	0x0E00      	MOVLW       0
0x04E2	0x2203      	ADDWFC      R0+3, 1 
0x04E4	0x0EFF      	MOVLW       255
0x04E6	0x6E04      	MOVWF       R4 
0x04E8	0x0E03      	MOVLW       3
0x04EA	0x6E05      	MOVWF       R4+1 
0x04EC	0x0E00      	MOVLW       0
0x04EE	0x6E06      	MOVWF       R4+2 
0x04F0	0x0E00      	MOVLW       0
0x04F2	0x6E07      	MOVWF       R4+3 
0x04F4	0xDD93      	RCALL       _Div_32x32_U
0x04F6	0xF033C000  	MOVFF       R0, adc_to_Celsius_t_L0
0x04FA	0xF034C001  	MOVFF       R0+1, adc_to_Celsius_t_L0+1
0x04FE	0xF035C002  	MOVFF       R0+2, adc_to_Celsius_t_L0+2
0x0502	0xF036C003  	MOVFF       R0+3, adc_to_Celsius_t_L0+3
;main.c, 73 :: 		t = t / 10ul; // LM35 is 10 mV per degree => degrees C
0x0506	0x0E0A      	MOVLW       10
0x0508	0x6E04      	MOVWF       R4 
0x050A	0x0E00      	MOVLW       0
0x050C	0x6E05      	MOVWF       R4+1 
0x050E	0x0E00      	MOVLW       0
0x0510	0x6E06      	MOVWF       R4+2 
0x0512	0x0E00      	MOVLW       0
0x0514	0x6E07      	MOVWF       R4+3 
0x0516	0xDD82      	RCALL       _Div_32x32_U
0x0518	0xF033C000  	MOVFF       R0, adc_to_Celsius_t_L0
0x051C	0xF034C001  	MOVFF       R0+1, adc_to_Celsius_t_L0+1
0x0520	0xF035C002  	MOVFF       R0+2, adc_to_Celsius_t_L0+2
0x0524	0xF036C003  	MOVFF       R0+3, adc_to_Celsius_t_L0+3
;main.c, 74 :: 		if(t>9999ul) t=9999ul;
0x0528	0x5003      	MOVF        R0+3, 0 
0x052A	0x0800      	SUBLW       0
0x052C	0xE108      	BNZ         L__adc_to_Celsius38
0x052E	0x5002      	MOVF        R0+2, 0 
0x0530	0x0800      	SUBLW       0
0x0532	0xE105      	BNZ         L__adc_to_Celsius38
0x0534	0x5001      	MOVF        R0+1, 0 
0x0536	0x0827      	SUBLW       39
0x0538	0xE102      	BNZ         L__adc_to_Celsius38
0x053A	0x5000      	MOVF        R0, 0 
0x053C	0x080F      	SUBLW       15
L__adc_to_Celsius38:
0x053E	0xE208      	BC          L_adc_to_Celsius3
0x0540	0x0E0F      	MOVLW       15
0x0542	0x6E33      	MOVWF       adc_to_Celsius_t_L0 
0x0544	0x0E27      	MOVLW       39
0x0546	0x6E34      	MOVWF       adc_to_Celsius_t_L0+1 
0x0548	0x0E00      	MOVLW       0
0x054A	0x6E35      	MOVWF       adc_to_Celsius_t_L0+2 
0x054C	0x0E00      	MOVLW       0
0x054E	0x6E36      	MOVWF       adc_to_Celsius_t_L0+3 
L_adc_to_Celsius3:
;main.c, 75 :: 		return (unsigned int)t;
0x0550	0xF000C033  	MOVFF       adc_to_Celsius_t_L0, R0
0x0554	0xF001C034  	MOVFF       adc_to_Celsius_t_L0+1, R0+1
;main.c, 76 :: 		}
L_end_adc_to_Celsius:
0x0558	0x0012      	RETURN      0
; end of _adc_to_Celsius
_split4:
;main.c, 46 :: 		unsigned char *h, unsigned char *th){
;main.c, 47 :: 		*u = v % 10u;
0x055A	0x0E0A      	MOVLW       10
0x055C	0x6E04      	MOVWF       R4 
0x055E	0x0E00      	MOVLW       0
0x0560	0x6E05      	MOVWF       R4+1 
0x0562	0xF000C031  	MOVFF       FARG_split4_v, R0
0x0566	0xF001C032  	MOVFF       FARG_split4_v+1, R0+1
0x056A	0xDF19      	RCALL       _Div_16X16_U
0x056C	0xF000C008  	MOVFF       R8, R0
0x0570	0xF001C009  	MOVFF       R8+1, R0+1
0x0574	0xFFE1C033  	MOVFF       FARG_split4_u, FSR1L
0x0578	0xFFE2C034  	MOVFF       FARG_split4_u+1, FSR1H
0x057C	0xFFE6C000  	MOVFF       R0, POSTINC1
;main.c, 48 :: 		*t = (v / 10u) % 10u;
0x0580	0x0E0A      	MOVLW       10
0x0582	0x6E04      	MOVWF       R4 
0x0584	0x0E00      	MOVLW       0
0x0586	0x6E05      	MOVWF       R4+1 
0x0588	0xF000C031  	MOVFF       FARG_split4_v, R0
0x058C	0xF001C032  	MOVFF       FARG_split4_v+1, R0+1
0x0590	0xDF06      	RCALL       _Div_16X16_U
0x0592	0x0E0A      	MOVLW       10
0x0594	0x6E04      	MOVWF       R4 
0x0596	0x0E00      	MOVLW       0
0x0598	0x6E05      	MOVWF       R4+1 
0x059A	0xDF01      	RCALL       _Div_16X16_U
0x059C	0xF000C008  	MOVFF       R8, R0
0x05A0	0xF001C009  	MOVFF       R8+1, R0+1
0x05A4	0xFFE1C035  	MOVFF       FARG_split4_t, FSR1L
0x05A8	0xFFE2C036  	MOVFF       FARG_split4_t+1, FSR1H
0x05AC	0xFFE6C000  	MOVFF       R0, POSTINC1
;main.c, 49 :: 		*h = (v / 100u) % 10u;
0x05B0	0x0E64      	MOVLW       100
0x05B2	0x6E04      	MOVWF       R4 
0x05B4	0x0E00      	MOVLW       0
0x05B6	0x6E05      	MOVWF       R4+1 
0x05B8	0xF000C031  	MOVFF       FARG_split4_v, R0
0x05BC	0xF001C032  	MOVFF       FARG_split4_v+1, R0+1
0x05C0	0xDEEE      	RCALL       _Div_16X16_U
0x05C2	0x0E0A      	MOVLW       10
0x05C4	0x6E04      	MOVWF       R4 
0x05C6	0x0E00      	MOVLW       0
0x05C8	0x6E05      	MOVWF       R4+1 
0x05CA	0xDEE9      	RCALL       _Div_16X16_U
0x05CC	0xF000C008  	MOVFF       R8, R0
0x05D0	0xF001C009  	MOVFF       R8+1, R0+1
0x05D4	0xFFE1C037  	MOVFF       FARG_split4_h, FSR1L
0x05D8	0xFFE2C038  	MOVFF       FARG_split4_h+1, FSR1H
0x05DC	0xFFE6C000  	MOVFF       R0, POSTINC1
;main.c, 50 :: 		*th = (v / 1000u)% 10u;
0x05E0	0x0EE8      	MOVLW       232
0x05E2	0x6E04      	MOVWF       R4 
0x05E4	0x0E03      	MOVLW       3
0x05E6	0x6E05      	MOVWF       R4+1 
0x05E8	0xF000C031  	MOVFF       FARG_split4_v, R0
0x05EC	0xF001C032  	MOVFF       FARG_split4_v+1, R0+1
0x05F0	0xDED6      	RCALL       _Div_16X16_U
0x05F2	0x0E0A      	MOVLW       10
0x05F4	0x6E04      	MOVWF       R4 
0x05F6	0x0E00      	MOVLW       0
0x05F8	0x6E05      	MOVWF       R4+1 
0x05FA	0xDED1      	RCALL       _Div_16X16_U
0x05FC	0xF000C008  	MOVFF       R8, R0
0x0600	0xF001C009  	MOVFF       R8+1, R0+1
0x0604	0xFFE1C039  	MOVFF       FARG_split4_th, FSR1L
0x0608	0xFFE2C03A  	MOVFF       FARG_split4_th+1, FSR1H
0x060C	0xFFE6C000  	MOVFF       R0, POSTINC1
;main.c, 51 :: 		}
L_end_split4:
0x0610	0x0012      	RETURN      0
; end of _split4
___CC2DW:
;__Lib_System.c, 24 :: 		void __CC2DW()
;__Lib_System.c, 27 :: 		_CC2DL_Loop1:
_CC2DL_Loop1:
;__Lib_System.c, 28 :: 		TBLRD*+
0x0612	0x0009      	TBLRD*+
;__Lib_System.c, 29 :: 		MOVFF TABLAT, POSTINC1
0x0614	0xFFE6CFF5  	MOVFF       TABLAT, POSTINC1
;__Lib_System.c, 30 :: 		DECF   R0, 1
0x0618	0x0600      	DECF        R0, 1, 0
;__Lib_System.c, 31 :: 		BNZ _CC2DL_Loop1
0x061A	0xE1FB      	BNZ         _CC2DL_Loop1
;__Lib_System.c, 32 :: 		DECF   R1, 1
0x061C	0x0601      	DECF        R1, 1, 0
;__Lib_System.c, 33 :: 		BNZ _CC2DL_Loop1
0x061E	0xE1F9      	BNZ         _CC2DL_Loop1
;__Lib_System.c, 35 :: 		}
L_end___CC2DW:
0x0620	0x0012      	RETURN      0
; end of ___CC2DW
_all_off:
;main.c, 30 :: 		void all_off(){
;main.c, 31 :: 		LATA = 0x00;
0x0622	0x6A89      	CLRF        LATA 
;main.c, 32 :: 		}
L_end_all_off:
0x0624	0x0012      	RETURN      0
; end of _all_off
___FillZeros:
;__Lib_System.c, 18 :: 		void __FillZeros()
;__Lib_System.c, 20 :: 		while ( FSR0 > FSR1 )
L___FillZeros1:
0x0626	0x50EA      	MOVF        FSR0+1, 0 
0x0628	0x5CE2      	SUBWF       FSR1+1, 0 
0x062A	0xE102      	BNZ         L____FillZeros12
0x062C	0x50E9      	MOVF        FSR0, 0 
0x062E	0x5CE1      	SUBWF       FSR1, 0 
L____FillZeros12:
0x0630	0xE202      	BC          L___FillZeros2
;__Lib_System.c, 21 :: 		POSTINC1 = 0;
0x0632	0x6AE6      	CLRF        POSTINC1 
0x0634	0xD7F8      	BRA         L___FillZeros1
L___FillZeros2:
;__Lib_System.c, 22 :: 		}
L_end___FillZeros:
0x0636	0x0012      	RETURN      0
; end of ___FillZeros
_ADC_Init_Custom:
;main.c, 53 :: 		void ADC_Init_Custom(void){
;main.c, 54 :: 		ANSELE = 0x02; // bit1=1 makes RE1 analog (AN6)
0x0638	0x0E02      	MOVLW       2
0x063A	0x010F      	MOVLB       15
0x063C	0x6F3C      	MOVWF       ANSELE, 1
;main.c, 55 :: 		TRISE1_bit = 1; // RE1 as input
0x063E	0x8296      	BSF         TRISE1_bit, BitPos(TRISE1_bit+0) 
;main.c, 56 :: 		ADCON1 = 0x00; // Vref+ = VDD, Vref- = VSS (ties ADC scale to J5)
0x0640	0x6AC1      	CLRF        ADCON1 
;main.c, 57 :: 		ADCON2 = 0xA9; // right-justified result; safe acquisition and ADC clock
0x0642	0x0EA9      	MOVLW       169
0x0644	0x6EC0      	MOVWF       ADCON2 
;main.c, 58 :: 		}
L_end_ADC_Init_Custom:
0x0646	0x0012      	RETURN      0
; end of _ADC_Init_Custom
_seg_for:
;main.c, 38 :: 		unsigned char seg_for(unsigned char d){
;main.c, 42 :: 		return CC[d % 10u];
0x0648	0x0E0A      	MOVLW       10
0x064A	0x6E04      	MOVWF       R4 
0x064C	0xF000C031  	MOVFF       FARG_seg_for_d, R0
0x0650	0xDEC1      	RCALL       _Div_8X8_U
0x0652	0xF000C008  	MOVFF       R8, R0
0x0656	0x0E98      	MOVLW       seg_for_CC_L0
0x0658	0x2400      	ADDWF       R0, 0 
0x065A	0x6EF6      	MOVWF       TBLPTR 
0x065C	0x0E08      	MOVLW       hi_addr(seg_for_CC_L0)
0x065E	0x6EF7      	MOVWF       TBLPTR+1 
0x0660	0x0E00      	MOVLW       0
0x0662	0x22F7      	ADDWFC      TBLPTR+1, 1 
0x0664	0x0E00      	MOVLW       higher_addr(seg_for_CC_L0)
0x0666	0x6EF8      	MOVWF       TBLPTR+2 
0x0668	0x0E00      	MOVLW       0
0x066A	0x22F8      	ADDWFC      TBLPTR+2, 1 
0x066C	0x0009      	TBLRD*+
0x066E	0xF000CFF5  	MOVFF       TABLAT, R0
;main.c, 43 :: 		}
L_end_seg_for:
0x0672	0x0012      	RETURN      0
; end of _seg_for
_enable_pos:
;main.c, 34 :: 		void enable_pos(unsigned char pos){
;main.c, 35 :: 		LATA = (unsigned char) (1u << pos);
0x0674	0xF001C031  	MOVFF       FARG_enable_pos_pos, R1
0x0678	0x0E01      	MOVLW       1
0x067A	0x6E00      	MOVWF       R0 
0x067C	0x5001      	MOVF        R1, 0 
L__enable_pos31:
0x067E	0xE004      	BZ          L__enable_pos32
0x0680	0x3600      	RLCF        R0, 1 
0x0682	0x9000      	BCF         R0, 0 
0x0684	0x0FFF      	ADDLW       255
0x0686	0xD7FB      	BRA         L__enable_pos31
L__enable_pos32:
0x0688	0xFF89C000  	MOVFF       R0, LATA
;main.c, 36 :: 		}
L_end_enable_pos:
0x068C	0x0012      	RETURN      0
; end of _enable_pos
_lm35_read_T100:
;main.c, 78 :: 		unsigned int lm35_read_T100(void){
;main.c, 79 :: 		unsigned int adc = ADC_Get_Sample(6);
0x068E	0x0E06      	MOVLW       6
0x0690	0x6E3B      	MOVWF       FARG_ADC_Get_Sample_ch 
0x0692	0xDE63      	RCALL       _ADC_Get_Sample
;main.c, 80 :: 		unsigned long t = (unsigned long)adc * (unsigned long)VREF_mV * 10ul; // adc * mV * 10
0x0694	0xF004C000  	MOVFF       R0, R4
0x0698	0xF005C001  	MOVFF       R0+1, R4+1
0x069C	0x0E00      	MOVLW       0
0x069E	0x6E06      	MOVWF       R4+2 
0x06A0	0x6E07      	MOVWF       R4+3 
0x06A2	0xF000C015  	MOVFF       _VREF_mV, R0
0x06A6	0xF001C016  	MOVFF       _VREF_mV+1, R0+1
0x06AA	0x0E00      	MOVLW       0
0x06AC	0x6E02      	MOVWF       R0+2 
0x06AE	0x6E03      	MOVWF       R0+3 
0x06B0	0xDE2B      	RCALL       _Mul_32x32_U
0x06B2	0x0E0A      	MOVLW       10
0x06B4	0x6E04      	MOVWF       R4 
0x06B6	0x0E00      	MOVLW       0
0x06B8	0x6E05      	MOVWF       R4+1 
0x06BA	0x0E00      	MOVLW       0
0x06BC	0x6E06      	MOVWF       R4+2 
0x06BE	0x0E00      	MOVLW       0
0x06C0	0x6E07      	MOVWF       R4+3 
0x06C2	0xDE22      	RCALL       _Mul_32x32_U
0x06C4	0xF031C000  	MOVFF       R0, lm35_read_T100_t_L0
0x06C8	0xF032C001  	MOVFF       R0+1, lm35_read_T100_t_L0+1
0x06CC	0xF033C002  	MOVFF       R0+2, lm35_read_T100_t_L0+2
0x06D0	0xF034C003  	MOVFF       R0+3, lm35_read_T100_t_L0+3
;main.c, 81 :: 		t = (t + 511ul) / 1023ul; // rounded divide
0x06D4	0x0EFF      	MOVLW       255
0x06D6	0x2600      	ADDWF       R0, 1 
0x06D8	0x0E01      	MOVLW       1
0x06DA	0x2201      	ADDWFC      R0+1, 1 
0x06DC	0x0E00      	MOVLW       0
0x06DE	0x2202      	ADDWFC      R0+2, 1 
0x06E0	0x0E00      	MOVLW       0
0x06E2	0x2203      	ADDWFC      R0+3, 1 
0x06E4	0x0EFF      	MOVLW       255
0x06E6	0x6E04      	MOVWF       R4 
0x06E8	0x0E03      	MOVLW       3
0x06EA	0x6E05      	MOVWF       R4+1 
0x06EC	0x0E00      	MOVLW       0
0x06EE	0x6E06      	MOVWF       R4+2 
0x06F0	0x0E00      	MOVLW       0
0x06F2	0x6E07      	MOVWF       R4+3 
0x06F4	0xDC93      	RCALL       _Div_32x32_U
0x06F6	0xF031C000  	MOVFF       R0, lm35_read_T100_t_L0
0x06FA	0xF032C001  	MOVFF       R0+1, lm35_read_T100_t_L0+1
0x06FE	0xF033C002  	MOVFF       R0+2, lm35_read_T100_t_L0+2
0x0702	0xF034C003  	MOVFF       R0+3, lm35_read_T100_t_L0+3
;main.c, 82 :: 		if(t>9999ul) t=9999ul;
0x0706	0x5003      	MOVF        R0+3, 0 
0x0708	0x0800      	SUBLW       0
0x070A	0xE108      	BNZ         L__lm35_read_T10040
0x070C	0x5002      	MOVF        R0+2, 0 
0x070E	0x0800      	SUBLW       0
0x0710	0xE105      	BNZ         L__lm35_read_T10040
0x0712	0x5001      	MOVF        R0+1, 0 
0x0714	0x0827      	SUBLW       39
0x0716	0xE102      	BNZ         L__lm35_read_T10040
0x0718	0x5000      	MOVF        R0, 0 
0x071A	0x080F      	SUBLW       15
L__lm35_read_T10040:
0x071C	0xE208      	BC          L_lm35_read_T1004
0x071E	0x0E0F      	MOVLW       15
0x0720	0x6E31      	MOVWF       lm35_read_T100_t_L0 
0x0722	0x0E27      	MOVLW       39
0x0724	0x6E32      	MOVWF       lm35_read_T100_t_L0+1 
0x0726	0x0E00      	MOVLW       0
0x0728	0x6E33      	MOVWF       lm35_read_T100_t_L0+2 
0x072A	0x0E00      	MOVLW       0
0x072C	0x6E34      	MOVWF       lm35_read_T100_t_L0+3 
L_lm35_read_T1004:
;main.c, 83 :: 		return (unsigned int)t;
0x072E	0xF000C031  	MOVFF       lm35_read_T100_t_L0, R0
0x0732	0xF001C032  	MOVFF       lm35_read_T100_t_L0+1, R0+1
;main.c, 84 :: 		}
L_end_lm35_read_T100:
0x0736	0x0012      	RETURN      0
; end of _lm35_read_T100
0x0738	0xF004EC52  	CALL        2212, 0
_main:
0x073C	0x0E88      	MOVLW       136
0x073E	0x6E15      	MOVWF       _VREF_mV 
0x0740	0x0E13      	MOVLW       19
0x0742	0x6E16      	MOVWF       22 
;main.c, 93 :: 		int main(void)
;main.c, 95 :: 		unsigned char pos=0,th=0, h=0, t=0, u=0,i=0,idx=0;
0x0744	0x6A29      	CLRF        main_pos_L0 
0x0746	0x6A2A      	CLRF        main_th_L0 
0x0748	0x6A2B      	CLRF        main_h_L0 
0x074A	0x6A2C      	CLRF        main_t_L0 
0x074C	0x6A2D      	CLRF        main_u_L0 
0x074E	0x6A2E      	CLRF        main_i_L0 
;main.c, 100 :: 		ANSELA = 0; ANSELB = 0; ANSELD = 0;
0x0750	0x010F      	MOVLB       15
0x0752	0x6B38      	CLRF        ANSELA, 1
0x0754	0x6B39      	CLRF        ANSELB, 1
0x0756	0x6B3B      	CLRF        ANSELD, 1
;main.c, 101 :: 		CM1CON0 = 0; CM2CON0 = 0;
0x0758	0x6A79      	CLRF        CM1CON0 
0x075A	0x6A78      	CLRF        CM2CON0 
;main.c, 102 :: 		TRISD = 0;
0x075C	0x6A95      	CLRF        TRISD 
;main.c, 103 :: 		TRISA0_bit = 0; TRISA1_bit = 0; TRISA2_bit = 0; TRISA3_bit = 0;
0x075E	0x9092      	BCF         TRISA0_bit, BitPos(TRISA0_bit+0) 
0x0760	0x9292      	BCF         TRISA1_bit, BitPos(TRISA1_bit+0) 
0x0762	0x9492      	BCF         TRISA2_bit, BitPos(TRISA2_bit+0) 
0x0764	0x9692      	BCF         TRISA3_bit, BitPos(TRISA3_bit+0) 
;main.c, 104 :: 		LATD = 0;
0x0766	0x6A8C      	CLRF        LATD 
;main.c, 105 :: 		all_off();
0x0768	0xDF5C      	RCALL       _all_off
;main.c, 107 :: 		ADC_Init_Custom(); // enable AN6 on RE1
0x076A	0xDF66      	RCALL       _ADC_Init_Custom
;main.c, 108 :: 		T100 = lm35_read_T100(); // first sample at startup
0x076C	0xDF90      	RCALL       _lm35_read_T100
;main.c, 110 :: 		for(i=0;i<MA_N;i++){ buf[i]=adc_to_T100(ADC_Get_Sample(6)); sum+=buf[i]; }
0x076E	0x6A2E      	CLRF        main_i_L0 
L_main6:
0x0770	0x0E08      	MOVLW       8
0x0772	0x5C2E      	SUBWF       main_i_L0, 0 
0x0774	0xE21F      	BC          L_main7
0x0776	0xF000C02E  	MOVFF       main_i_L0, R0
0x077A	0x0E00      	MOVLW       0
0x077C	0x6E01      	MOVWF       R0+1 
0x077E	0x3600      	RLCF        R0, 1 
0x0780	0x9000      	BCF         R0, 0 
0x0782	0x3601      	RLCF        R0+1, 1 
0x0784	0x0E19      	MOVLW       main_buf_L0
0x0786	0x2400      	ADDWF       R0, 0 
0x0788	0x6E2F      	MOVWF       FLOC__main 
0x078A	0x0E00      	MOVLW       hi_addr(main_buf_L0)
0x078C	0x2001      	ADDWFC      R0+1, 0 
0x078E	0x6E30      	MOVWF       FLOC__main+1 
0x0790	0x0E06      	MOVLW       6
0x0792	0x6E3B      	MOVWF       FARG_ADC_Get_Sample_ch 
0x0794	0xDDE2      	RCALL       _ADC_Get_Sample
0x0796	0xF031C000  	MOVFF       R0, FARG_adc_to_T100_adc
0x079A	0xF032C001  	MOVFF       R0+1, FARG_adc_to_T100_adc+1
0x079E	0xDE29      	RCALL       _adc_to_T100
0x07A0	0xFFE1C02F  	MOVFF       FLOC__main, FSR1L
0x07A4	0xFFE2C030  	MOVFF       FLOC__main+1, FSR1H
0x07A8	0xFFE6C000  	MOVFF       R0, POSTINC1
0x07AC	0xFFE6C001  	MOVFF       R0+1, POSTINC1
0x07B0	0x2A2E      	INCF        main_i_L0, 1 
0x07B2	0xD7DE      	BRA         L_main6
L_main7:
;main.c, 111 :: 		T100_avg = (unsigned int)(sum/MA_N);
;main.c, 113 :: 		while (1)
;main.c, 148 :: 		if(pos==0u){
0x07B4	0x5029      	MOVF        main_pos_L0, 0 
0x07B6	0x0A00      	XORLW       0
0x07B8	0xE11D      	BNZ         L_main11
;main.c, 149 :: 		adc = ADC_Get_Sample(6);
0x07BA	0x0E06      	MOVLW       6
0x07BC	0x6E3B      	MOVWF       FARG_ADC_Get_Sample_ch 
0x07BE	0xDDCD      	RCALL       _ADC_Get_Sample
;main.c, 150 :: 		tempC = adc_to_Celsius(adc);
0x07C0	0xF031C000  	MOVFF       R0, FARG_adc_to_Celsius_adc
0x07C4	0xF032C001  	MOVFF       R0+1, FARG_adc_to_Celsius_adc+1
0x07C8	0xDE66      	RCALL       _adc_to_Celsius
;main.c, 151 :: 		split4(tempC,&u,&t,&h,&th);
0x07CA	0xF031C000  	MOVFF       R0, FARG_split4_v
0x07CE	0xF032C001  	MOVFF       R0+1, FARG_split4_v+1
0x07D2	0x0E2D      	MOVLW       main_u_L0
0x07D4	0x6E33      	MOVWF       FARG_split4_u 
0x07D6	0x0E00      	MOVLW       hi_addr(main_u_L0)
0x07D8	0x6E34      	MOVWF       FARG_split4_u+1 
0x07DA	0x0E2C      	MOVLW       main_t_L0
0x07DC	0x6E35      	MOVWF       FARG_split4_t 
0x07DE	0x0E00      	MOVLW       hi_addr(main_t_L0)
0x07E0	0x6E36      	MOVWF       FARG_split4_t+1 
0x07E2	0x0E2B      	MOVLW       main_h_L0
0x07E4	0x6E37      	MOVWF       FARG_split4_h 
0x07E6	0x0E00      	MOVLW       hi_addr(main_h_L0)
0x07E8	0x6E38      	MOVWF       FARG_split4_h+1 
0x07EA	0x0E2A      	MOVLW       main_th_L0
0x07EC	0x6E39      	MOVWF       FARG_split4_th 
0x07EE	0x0E00      	MOVLW       hi_addr(main_th_L0)
0x07F0	0x6E3A      	MOVWF       FARG_split4_th+1 
0x07F2	0xDEB3      	RCALL       _split4
;main.c, 152 :: 		}
L_main11:
;main.c, 153 :: 		all_off(); LATD=0; Delay_us(BLANK_US);
0x07F4	0xDF16      	RCALL       _all_off
0x07F6	0x6A8C      	CLRF        LATD 
0x07F8	0x0ED5      	MOVLW       213
0x07FA	0x6E0D      	MOVWF       R13, 0
L_main12:
0x07FC	0x2E0D      	DECFSZ      R13, 1, 0
0x07FE	0xD7FE      	BRA         L_main12
;main.c, 154 :: 		if (pos==0u) LATD=seg_for(u);
0x0800	0x5029      	MOVF        main_pos_L0, 0 
0x0802	0x0A00      	XORLW       0
0x0804	0xE106      	BNZ         L_main13
0x0806	0xF031C02D  	MOVFF       main_u_L0, FARG_seg_for_d
0x080A	0xDF1E      	RCALL       _seg_for
0x080C	0xFF8CC000  	MOVFF       R0, LATD
0x0810	0xD028      	BRA         L_main14
L_main13:
;main.c, 155 :: 		else if (pos==1u) LATD=seg_for(t);
0x0812	0x5029      	MOVF        main_pos_L0, 0 
0x0814	0x0A01      	XORLW       1
0x0816	0xE106      	BNZ         L_main15
0x0818	0xF031C02C  	MOVFF       main_t_L0, FARG_seg_for_d
0x081C	0xDF15      	RCALL       _seg_for
0x081E	0xFF8CC000  	MOVFF       R0, LATD
0x0822	0xD01F      	BRA         L_main16
L_main15:
;main.c, 156 :: 		else if (pos==2u) LATD = ((th==0u && h==0u) ? 0x00 : seg_for(h));
0x0824	0x5029      	MOVF        main_pos_L0, 0 
0x0826	0x0A02      	XORLW       2
0x0828	0xE110      	BNZ         L_main17
0x082A	0x502A      	MOVF        main_th_L0, 0 
0x082C	0x0A00      	XORLW       0
0x082E	0xE105      	BNZ         L_main20
0x0830	0x502B      	MOVF        main_h_L0, 0 
0x0832	0x0A00      	XORLW       0
0x0834	0xE102      	BNZ         L_main20
L__main28:
0x0836	0x6A17      	CLRF        ??FLOC___mainT72 
0x0838	0xD005      	BRA         L_main21
L_main20:
0x083A	0xF031C02B  	MOVFF       main_h_L0, FARG_seg_for_d
0x083E	0xDF04      	RCALL       _seg_for
0x0840	0xF017C000  	MOVFF       R0, ??FLOC___mainT72
L_main21:
0x0844	0xFF8CC017  	MOVFF       ??FLOC___mainT72, LATD
0x0848	0xD00C      	BRA         L_main22
L_main17:
;main.c, 157 :: 		else LATD = (th==0u ? 0x00 : seg_for(th));
0x084A	0x502A      	MOVF        main_th_L0, 0 
0x084C	0x0A00      	XORLW       0
0x084E	0xE102      	BNZ         L_main23
0x0850	0x6A18      	CLRF        ??FLOC___mainT74 
0x0852	0xD005      	BRA         L_main24
L_main23:
0x0854	0xF031C02A  	MOVFF       main_th_L0, FARG_seg_for_d
0x0858	0xDEF7      	RCALL       _seg_for
0x085A	0xF018C000  	MOVFF       R0, ??FLOC___mainT74
L_main24:
0x085E	0xFF8CC018  	MOVFF       ??FLOC___mainT74, LATD
L_main22:
L_main16:
L_main14:
;main.c, 159 :: 		enable_pos(pos); Delay_us(SCAN_ON_US);
0x0862	0xF031C029  	MOVFF       main_pos_L0, FARG_enable_pos_pos
0x0866	0xDF06      	RCALL       _enable_pos
0x0868	0x0E0A      	MOVLW       10
0x086A	0x6E0C      	MOVWF       R12, 0
0x086C	0x0E58      	MOVLW       88
0x086E	0x6E0D      	MOVWF       R13, 0
L_main25:
0x0870	0x2E0D      	DECFSZ      R13, 1, 0
0x0872	0xD7FE      	BRA         L_main25
0x0874	0x2E0C      	DECFSZ      R12, 1, 0
0x0876	0xD7FC      	BRA         L_main25
0x0878	0x0000      	NOP
;main.c, 160 :: 		all_off(); LATD=0; Delay_us(BLANK_US);
0x087A	0xDED3      	RCALL       _all_off
0x087C	0x6A8C      	CLRF        LATD 
0x087E	0x0ED5      	MOVLW       213
0x0880	0x6E0D      	MOVWF       R13, 0
L_main26:
0x0882	0x2E0D      	DECFSZ      R13, 1, 0
0x0884	0xD7FE      	BRA         L_main26
;main.c, 162 :: 		pos++; if(pos>=4u) pos=0u;
0x0886	0x2A29      	INCF        main_pos_L0, 1 
0x0888	0x0E04      	MOVLW       4
0x088A	0x5C29      	SUBWF       main_pos_L0, 0 
0x088C	0xB0D8      	BTFSC       STATUS, 0 
0x088E	0x6A29      	CLRF        main_pos_L0 
;main.c, 212 :: 		// }
L_main27:
;main.c, 214 :: 		return 0;
0x0890	0x6A00      	CLRF        R0 
0x0892	0x6A01      	CLRF        R0+1 
0x0894	0xD000      	BRA         L_end_main
;main.c, 215 :: 		}
;main.c, 216 :: 		}
L_end_main:
0x0896	0xD7FF      	BRA         $+0
; end of _main
0x08A4	0xF015EE10  	LFSR        1, 21
0x08A8	0xF017EE00  	LFSR        0, 23
0x08AC	0xF003EC13  	CALL        1574, 0
0x08B0	0x0012      	RETURN      0
;main.c,39 :: seg_for_CC_L0
0x0898	0x063F ;seg_for_CC_L0+0
0x089A	0x4F5B ;seg_for_CC_L0+2
0x089C	0x6D66 ;seg_for_CC_L0+4
0x089E	0x077D ;seg_for_CC_L0+6
0x08A0	0x6F7F ;seg_for_CC_L0+8
; end of seg_for_CC_L0
Symbol List:
//** Routines locations **
//ADDRESS    SIZE    PROCEDURE
//----------------------------------------------
0x001C     [748]    _Div_32x32_U
0x0308      [82]    _Mul_32x32_U
0x035A      [68]    _ADC_Get_Sample
0x039E      [54]    _Div_16X16_U
0x03D4      [30]    _Div_8X8_U
0x03F2     [164]    _adc_to_T100
0x0496     [196]    _adc_to_Celsius
0x055A     [184]    _split4
0x0612      [16]    ___CC2DW
0x0622       [4]    _all_off
0x0626      [18]    ___FillZeros
0x0638      [16]    _ADC_Init_Custom
0x0648      [44]    _seg_for
0x0674      [26]    _enable_pos
0x068E     [170]    _lm35_read_T100
0x0738     [352]    _main
//** Variables locations ** 
//ADDRESS    SIZE    VARIABLE
//----------------------------------------------
0x0000       [1]    R0
0x0001       [1]    R1
0x0002       [1]    R2
0x0003       [1]    R3
0x0004       [1]    R4
0x0005       [1]    R5
0x0006       [1]    R6
0x0007       [1]    R7
0x0008       [1]    R8
0x0009       [1]    R9
0x000A       [1]    R10
0x000B       [1]    R11
0x000C       [1]    R12
0x000D       [1]    R13
0x000E       [1]    R14
0x000F       [1]    R15
0x0010       [1]    R16
0x0011       [1]    R17
0x0012       [1]    R18
0x0013       [1]    R19
0x0014       [1]    R20
0x0015       [2]    _VREF_mV
0x0017       [1]    ??FLOC___mainT72
0x0018       [1]    ??FLOC___mainT74
0x0019      [16]    main_buf_L0
0x0029       [1]    main_pos_L0
0x002A       [1]    main_th_L0
0x002B       [1]    main_h_L0
0x002C       [1]    main_t_L0
0x002D       [1]    main_u_L0
0x002E       [1]    main_i_L0
0x002F       [2]    FLOC__main
0x0031       [2]    FARG_split4_v
0x0031       [1]    FARG_seg_for_d
0x0031       [1]    FARG_enable_pos_pos
0x0031       [2]    FARG_adc_to_T100_adc
0x0031       [2]    FARG_adc_to_Celsius_adc
0x0031       [4]    lm35_read_T100_t_L0
0x0033       [4]    adc_to_Celsius_t_L0
0x0033       [4]    adc_to_T100_t_L0
0x0033       [2]    FARG_split4_u
0x0035       [2]    FARG_split4_t
0x0037       [2]    FARG_split4_h
0x0039       [2]    FARG_split4_th
0x003B       [1]    FARG_ADC_Get_Sample_ch
0x0F38       [1]    ANSELA
0x0F39       [1]    ANSELB
0x0F3B       [1]    ANSELD
0x0F3C       [1]    ANSELE
0x0F78       [1]    CM2CON0
0x0F79       [1]    CM1CON0
0x0F89       [1]    LATA
0x0F8C       [1]    LATD
0x0F92       [0]    TRISA3_bit
0x0F92       [0]    TRISA2_bit
0x0F92       [0]    TRISA1_bit
0x0F92       [0]    TRISA0_bit
0x0F95       [1]    TRISD
0x0F96       [0]    TRISE1_bit
0x0FC0       [1]    ADCON2
0x0FC1       [1]    ADCON1
0x0FC2       [1]    ADCON0
0x0FC3       [1]    ADRESL
0x0FC4       [1]    ADRESH
0x0FD8       [1]    STATUS
0x0FD9       [1]    FSR2L
0x0FDA       [1]    FSR2H
0x0FDE       [1]    POSTINC2
0x0FE0       [1]    BSR
0x0FE1       [2]    FSR1
0x0FE1       [1]    FSR1L
0x0FE2       [1]    FSR1H
0x0FE4       [1]    PREINC1
0x0FE6       [1]    POSTINC1
0x0FE7       [1]    INDF1
0x0FE8       [1]    WREG
0x0FE9       [2]    FSR0
0x0FE9       [1]    FSR0L
0x0FEA       [1]    FSR0H
0x0FEE       [1]    POSTINC0
0x0FF3       [1]    PRODL
0x0FF4       [1]    PRODH
0x0FF5       [1]    TABLAT
0x0FF6       [3]    TBLPTR
0x0FF6       [1]    TBLPTRL
0x0FF7       [1]    TBLPTRH
0x0FF8       [1]    TBLPTRU
//** Constants locations ** 
//ADDRESS    SIZE    CONSTANT
//----------------------------------------------
0x0898      [10]    seg_for_CC_L0
